CRITICAL - 2025-03-30 05:13:41 --> ArgumentCountError: Too few arguments to function App\Controllers\Admin\data_supplier\DspController::delete(), 0 passed in C:\laragon\www\apotek_app\system\CodeIgniter.php on line 933 and exactly 1 expected
[Method: DELETE, Route: hapus_penyedia/9]
in APPPATH\Controllers\Admin\data_supplier\DspController.php on line 47.
 1 SYSTEMPATH\CodeIgniter.php(933): App\Controllers\Admin\data_supplier\DspController->delete()
 2 SYSTEMPATH\CodeIgniter.php(509): CodeIgniter\CodeIgniter->runController(Object(App\Controllers\Admin\data_supplier\DspController))
 3 SYSTEMPATH\CodeIgniter.php(355): CodeIgniter\CodeIgniter->handleRequest(null, Object(Config\Cache), false)
 4 SYSTEMPATH\Boot.php(334): CodeIgniter\CodeIgniter->run()
 5 SYSTEMPATH\Boot.php(67): CodeIgniter\Boot::runCodeIgniter(Object(CodeIgniter\CodeIgniter))
 6 FCPATH\index.php(56): CodeIgniter\Boot::bootWeb(Object(Config\Paths))
 7 SYSTEMPATH\rewrite.php(44): require_once('C:\\laragon\\www\\apotek_app\\public\\index.php')
CRITICAL - 2025-03-30 08:21:52 --> ErrorException: Undefined array key "akses"
[Method: GET, Route: data_supplier]
in APPPATH\Views\admin\components\sidebar.php on line 83.
 1 APPPATH\Views\admin\components\sidebar.php(83): CodeIgniter\Debug\Exceptions->errorHandler(2, 'Undefined array key "akses"', 'C:\\laragon\\www\\apotek_app\\app\\Views\\admin\\components\\sidebar.php', 83)
 2 SYSTEMPATH\View\View.php(234): include('C:\\laragon\\www\\apotek_app\\app\\Views\\admin\\components\\sidebar.php')
 3 SYSTEMPATH\View\View.php(237): CodeIgniter\View\View->CodeIgniter\View\{closure}()
 4 SYSTEMPATH\Common.php(1171): CodeIgniter\View\View->render('admin/components/sidebar', [], true)
 5 APPPATH\Views\admin\pages\DataSupplier.php(16): view('admin/components/sidebar')
 6 SYSTEMPATH\View\View.php(234): include('C:\\laragon\\www\\apotek_app\\app\\Views\\admin\\pages\\DataSupplier.php')
 7 SYSTEMPATH\View\View.php(237): CodeIgniter\View\View->CodeIgniter\View\{closure}()
 8 SYSTEMPATH\Common.php(1171): CodeIgniter\View\View->render('admin/pages/DataSupplier', [], true)
 9 APPPATH\Controllers\Admin\data_supplier\DspController.php(15): view('admin/pages/DataSupplier', [...])
10 SYSTEMPATH\CodeIgniter.php(933): App\Controllers\Admin\data_supplier\DspController->index()
11 SYSTEMPATH\CodeIgniter.php(509): CodeIgniter\CodeIgniter->runController(Object(App\Controllers\Admin\data_supplier\DspController))
12 SYSTEMPATH\CodeIgniter.php(355): CodeIgniter\CodeIgniter->handleRequest(null, Object(Config\Cache), false)
13 SYSTEMPATH\Boot.php(334): CodeIgniter\CodeIgniter->run()
14 SYSTEMPATH\Boot.php(67): CodeIgniter\Boot::runCodeIgniter(Object(CodeIgniter\CodeIgniter))
15 FCPATH\index.php(56): CodeIgniter\Boot::bootWeb(Object(Config\Paths))
16 SYSTEMPATH\rewrite.php(44): require_once('C:\\laragon\\www\\apotek_app\\public\\index.php')
CRITICAL - 2025-03-30 08:21:58 --> ErrorException: Undefined array key "akses"
[Method: GET, Route: data_supplier]
in APPPATH\Views\admin\components\sidebar.php on line 83.
 1 APPPATH\Views\admin\components\sidebar.php(83): CodeIgniter\Debug\Exceptions->errorHandler(2, 'Undefined array key "akses"', 'C:\\laragon\\www\\apotek_app\\app\\Views\\admin\\components\\sidebar.php', 83)
 2 SYSTEMPATH\View\View.php(234): include('C:\\laragon\\www\\apotek_app\\app\\Views\\admin\\components\\sidebar.php')
 3 SYSTEMPATH\View\View.php(237): CodeIgniter\View\View->CodeIgniter\View\{closure}()
 4 SYSTEMPATH\Common.php(1171): CodeIgniter\View\View->render('admin/components/sidebar', [], true)
 5 APPPATH\Views\admin\pages\DataSupplier.php(16): view('admin/components/sidebar')
 6 SYSTEMPATH\View\View.php(234): include('C:\\laragon\\www\\apotek_app\\app\\Views\\admin\\pages\\DataSupplier.php')
 7 SYSTEMPATH\View\View.php(237): CodeIgniter\View\View->CodeIgniter\View\{closure}()
 8 SYSTEMPATH\Common.php(1171): CodeIgniter\View\View->render('admin/pages/DataSupplier', [], true)
 9 APPPATH\Controllers\Admin\data_supplier\DspController.php(15): view('admin/pages/DataSupplier', [...])
10 SYSTEMPATH\CodeIgniter.php(933): App\Controllers\Admin\data_supplier\DspController->index()
11 SYSTEMPATH\CodeIgniter.php(509): CodeIgniter\CodeIgniter->runController(Object(App\Controllers\Admin\data_supplier\DspController))
12 SYSTEMPATH\CodeIgniter.php(355): CodeIgniter\CodeIgniter->handleRequest(null, Object(Config\Cache), false)
13 SYSTEMPATH\Boot.php(334): CodeIgniter\CodeIgniter->run()
14 SYSTEMPATH\Boot.php(67): CodeIgniter\Boot::runCodeIgniter(Object(CodeIgniter\CodeIgniter))
15 FCPATH\index.php(56): CodeIgniter\Boot::bootWeb(Object(Config\Paths))
16 SYSTEMPATH\rewrite.php(44): require_once('C:\\laragon\\www\\apotek_app\\public\\index.php')
CRITICAL - 2025-03-30 08:28:38 --> CodeIgniter\View\Exceptions\ViewException: Invalid file: "modal_edit.php"
[Method: GET, Route: data_supplier]
in SYSTEMPATH\Exceptions\FrameworkException.php on line 41.
 1 SYSTEMPATH\View\View.php(222): CodeIgniter\Exceptions\FrameworkException::forInvalidFile('modal_edit.php')
 2 SYSTEMPATH\Common.php(1171): CodeIgniter\View\View->render('modal_edit', [], true)
 3 APPPATH\Views\admin\components\data_supplier\content_body.php(6): view('modal_edit')
 4 SYSTEMPATH\View\View.php(234): include('C:\\laragon\\www\\apotek_app\\app\\Views\\admin\\components\\data_supplier\\content_body.php')
 5 SYSTEMPATH\View\View.php(237): CodeIgniter\View\View->CodeIgniter\View\{closure}()
 6 SYSTEMPATH\Common.php(1171): CodeIgniter\View\View->render('admin/components/data_supplier/content_body', [], true)
 7 APPPATH\Views\admin\pages\DataSupplier.php(30): view('admin/components/data_supplier/content_body')
 8 SYSTEMPATH\View\View.php(234): include('C:\\laragon\\www\\apotek_app\\app\\Views\\admin\\pages\\DataSupplier.php')
 9 SYSTEMPATH\View\View.php(237): CodeIgniter\View\View->CodeIgniter\View\{closure}()
10 SYSTEMPATH\Common.php(1171): CodeIgniter\View\View->render('admin/pages/DataSupplier', [], true)
11 APPPATH\Controllers\Admin\data_supplier\DspController.php(15): view('admin/pages/DataSupplier', [...])
12 SYSTEMPATH\CodeIgniter.php(933): App\Controllers\Admin\data_supplier\DspController->index()
13 SYSTEMPATH\CodeIgniter.php(509): CodeIgniter\CodeIgniter->runController(Object(App\Controllers\Admin\data_supplier\DspController))
14 SYSTEMPATH\CodeIgniter.php(355): CodeIgniter\CodeIgniter->handleRequest(null, Object(Config\Cache), false)
15 SYSTEMPATH\Boot.php(334): CodeIgniter\CodeIgniter->run()
16 SYSTEMPATH\Boot.php(67): CodeIgniter\Boot::runCodeIgniter(Object(CodeIgniter\CodeIgniter))
17 FCPATH\index.php(56): CodeIgniter\Boot::bootWeb(Object(Config\Paths))
18 SYSTEMPATH\rewrite.php(44): require_once('C:\\laragon\\www\\apotek_app\\public\\index.php')
