CRITICAL - 2025-03-31 13:42:26 --> BadMethodCallException: Call to undefined method App\Models\PenyediaModel::get_where
[Method: GET, Route: edit_supplier/Aji%20Ramdani]
in SYSTEMPATH\Model.php on line 930.
 1 APPPATH\Controllers\Admin\data_supplier\DspController.php(51): CodeIgniter\Model->__call('get_where', [...])
 2 SYSTEMPATH\CodeIgniter.php(933): App\Controllers\Admin\data_supplier\DspController->edit('Aji Ramdani')
 3 SYSTEMPATH\CodeIgniter.php(509): CodeIgniter\CodeIgniter->runController(Object(App\Controllers\Admin\data_supplier\DspController))
 4 SYSTEMPATH\CodeIgniter.php(355): CodeIgniter\CodeIgniter->handleRequest(null, Object(Config\Cache), false)
 5 SYSTEMPATH\Boot.php(334): CodeIgniter\CodeIgniter->run()
 6 SYSTEMPATH\Boot.php(67): CodeIgniter\Boot::runCodeIgniter(Object(CodeIgniter\CodeIgniter))
 7 FCPATH\index.php(56): CodeIgniter\Boot::bootWeb(Object(Config\Paths))
 8 SYSTEMPATH\rewrite.php(44): require_once('C:\\laragon\\www\\apotek_app\\public\\index.php')
CRITICAL - 2025-03-31 14:14:28 --> Error: Call to a member function update() on array
[Method: POST, Route: edit_data_supplier/Aji%20Ramdani]
in APPPATH\Controllers\Admin\data_supplier\DspController.php on line 71.
 1 SYSTEMPATH\CodeIgniter.php(933): App\Controllers\Admin\data_supplier\DspController->storeEdit('Aji Ramdani')
 2 SYSTEMPATH\CodeIgniter.php(509): CodeIgniter\CodeIgniter->runController(Object(App\Controllers\Admin\data_supplier\DspController))
 3 SYSTEMPATH\CodeIgniter.php(355): CodeIgniter\CodeIgniter->handleRequest(null, Object(Config\Cache), false)
 4 SYSTEMPATH\Boot.php(334): CodeIgniter\CodeIgniter->run()
 5 SYSTEMPATH\Boot.php(67): CodeIgniter\Boot::runCodeIgniter(Object(CodeIgniter\CodeIgniter))
 6 FCPATH\index.php(56): CodeIgniter\Boot::bootWeb(Object(Config\Paths))
 7 SYSTEMPATH\rewrite.php(44): require_once('C:\\laragon\\www\\apotek_app\\public\\index.php')
CRITICAL - 2025-03-31 14:14:35 --> Error: Call to a member function update() on array
[Method: POST, Route: edit_data_supplier/Aji%20Ramdani]
in APPPATH\Controllers\Admin\data_supplier\DspController.php on line 71.
 1 SYSTEMPATH\CodeIgniter.php(933): App\Controllers\Admin\data_supplier\DspController->storeEdit('Aji Ramdani')
 2 SYSTEMPATH\CodeIgniter.php(509): CodeIgniter\CodeIgniter->runController(Object(App\Controllers\Admin\data_supplier\DspController))
 3 SYSTEMPATH\CodeIgniter.php(355): CodeIgniter\CodeIgniter->handleRequest(null, Object(Config\Cache), false)
 4 SYSTEMPATH\Boot.php(334): CodeIgniter\CodeIgniter->run()
 5 SYSTEMPATH\Boot.php(67): CodeIgniter\Boot::runCodeIgniter(Object(CodeIgniter\CodeIgniter))
 6 FCPATH\index.php(56): CodeIgniter\Boot::bootWeb(Object(Config\Paths))
 7 SYSTEMPATH\rewrite.php(44): require_once('C:\\laragon\\www\\apotek_app\\public\\index.php')
CRITICAL - 2025-03-31 14:14:39 --> Error: Call to a member function update() on array
[Method: POST, Route: edit_data_supplier/Aji%20Ramdani]
in APPPATH\Controllers\Admin\data_supplier\DspController.php on line 71.
 1 SYSTEMPATH\CodeIgniter.php(933): App\Controllers\Admin\data_supplier\DspController->storeEdit('Aji Ramdani')
 2 SYSTEMPATH\CodeIgniter.php(509): CodeIgniter\CodeIgniter->runController(Object(App\Controllers\Admin\data_supplier\DspController))
 3 SYSTEMPATH\CodeIgniter.php(355): CodeIgniter\CodeIgniter->handleRequest(null, Object(Config\Cache), false)
 4 SYSTEMPATH\Boot.php(334): CodeIgniter\CodeIgniter->run()
 5 SYSTEMPATH\Boot.php(67): CodeIgniter\Boot::runCodeIgniter(Object(CodeIgniter\CodeIgniter))
 6 FCPATH\index.php(56): CodeIgniter\Boot::bootWeb(Object(Config\Paths))
 7 SYSTEMPATH\rewrite.php(44): require_once('C:\\laragon\\www\\apotek_app\\public\\index.php')
CRITICAL - 2025-03-31 14:18:08 --> ErrorException: Attempt to read property "id" on array
[Method: POST, Route: edit_data_supplier/Aji%20Ramdani]
in APPPATH\Controllers\Admin\data_supplier\DspController.php on line 80.
 1 APPPATH\Controllers\Admin\data_supplier\DspController.php(80): CodeIgniter\Debug\Exceptions->errorHandler(2, 'Attempt to read property "id" on array', 'C:\\laragon\\www\\apotek_app\\app\\Controllers\\Admin\\data_supplier\\DspController.php', 80)
 2 SYSTEMPATH\CodeIgniter.php(933): App\Controllers\Admin\data_supplier\DspController->storeEdit('Aji Ramdani')
 3 SYSTEMPATH\CodeIgniter.php(509): CodeIgniter\CodeIgniter->runController(Object(App\Controllers\Admin\data_supplier\DspController))
 4 SYSTEMPATH\CodeIgniter.php(355): CodeIgniter\CodeIgniter->handleRequest(null, Object(Config\Cache), false)
 5 SYSTEMPATH\Boot.php(334): CodeIgniter\CodeIgniter->run()
 6 SYSTEMPATH\Boot.php(67): CodeIgniter\Boot::runCodeIgniter(Object(CodeIgniter\CodeIgniter))
 7 FCPATH\index.php(56): CodeIgniter\Boot::bootWeb(Object(Config\Paths))
 8 SYSTEMPATH\rewrite.php(44): require_once('C:\\laragon\\www\\apotek_app\\public\\index.php')
CRITICAL - 2025-03-31 14:18:27 --> ErrorException: Attempt to read property "nama_penyedia" on array
[Method: POST, Route: edit_data_supplier/Aji%20Ramdani]
in APPPATH\Controllers\Admin\data_supplier\DspController.php on line 80.
 1 APPPATH\Controllers\Admin\data_supplier\DspController.php(80): CodeIgniter\Debug\Exceptions->errorHandler(2, 'Attempt to read property "nama_penyedia" on array', 'C:\\laragon\\www\\apotek_app\\app\\Controllers\\Admin\\data_supplier\\DspController.php', 80)
 2 SYSTEMPATH\CodeIgniter.php(933): App\Controllers\Admin\data_supplier\DspController->storeEdit('Aji Ramdani')
 3 SYSTEMPATH\CodeIgniter.php(509): CodeIgniter\CodeIgniter->runController(Object(App\Controllers\Admin\data_supplier\DspController))
 4 SYSTEMPATH\CodeIgniter.php(355): CodeIgniter\CodeIgniter->handleRequest(null, Object(Config\Cache), false)
 5 SYSTEMPATH\Boot.php(334): CodeIgniter\CodeIgniter->run()
 6 SYSTEMPATH\Boot.php(67): CodeIgniter\Boot::runCodeIgniter(Object(CodeIgniter\CodeIgniter))
 7 FCPATH\index.php(56): CodeIgniter\Boot::bootWeb(Object(Config\Paths))
 8 SYSTEMPATH\rewrite.php(44): require_once('C:\\laragon\\www\\apotek_app\\public\\index.php')
CRITICAL - 2025-03-31 14:18:52 --> ErrorException: Attempt to read property "id_penyedia" on array
[Method: POST, Route: edit_data_supplier/Aji%20Ramdani]
in APPPATH\Controllers\Admin\data_supplier\DspController.php on line 80.
 1 APPPATH\Controllers\Admin\data_supplier\DspController.php(80): CodeIgniter\Debug\Exceptions->errorHandler(2, 'Attempt to read property "id_penyedia" on array', 'C:\\laragon\\www\\apotek_app\\app\\Controllers\\Admin\\data_supplier\\DspController.php', 80)
 2 SYSTEMPATH\CodeIgniter.php(933): App\Controllers\Admin\data_supplier\DspController->storeEdit('Aji Ramdani')
 3 SYSTEMPATH\CodeIgniter.php(509): CodeIgniter\CodeIgniter->runController(Object(App\Controllers\Admin\data_supplier\DspController))
 4 SYSTEMPATH\CodeIgniter.php(355): CodeIgniter\CodeIgniter->handleRequest(null, Object(Config\Cache), false)
 5 SYSTEMPATH\Boot.php(334): CodeIgniter\CodeIgniter->run()
 6 SYSTEMPATH\Boot.php(67): CodeIgniter\Boot::runCodeIgniter(Object(CodeIgniter\CodeIgniter))
 7 FCPATH\index.php(56): CodeIgniter\Boot::bootWeb(Object(Config\Paths))
 8 SYSTEMPATH\rewrite.php(44): require_once('C:\\laragon\\www\\apotek_app\\public\\index.php')
CRITICAL - 2025-03-31 14:19:36 --> ErrorException: Attempt to read property "id_penyedia" on array
[Method: POST, Route: edit_data_supplier/Aji%20Ramdani]
in APPPATH\Controllers\Admin\data_supplier\DspController.php on line 80.
 1 APPPATH\Controllers\Admin\data_supplier\DspController.php(80): CodeIgniter\Debug\Exceptions->errorHandler(2, 'Attempt to read property "id_penyedia" on array', 'C:\\laragon\\www\\apotek_app\\app\\Controllers\\Admin\\data_supplier\\DspController.php', 80)
 2 SYSTEMPATH\CodeIgniter.php(933): App\Controllers\Admin\data_supplier\DspController->storeEdit('Aji Ramdani')
 3 SYSTEMPATH\CodeIgniter.php(509): CodeIgniter\CodeIgniter->runController(Object(App\Controllers\Admin\data_supplier\DspController))
 4 SYSTEMPATH\CodeIgniter.php(355): CodeIgniter\CodeIgniter->handleRequest(null, Object(Config\Cache), false)
 5 SYSTEMPATH\Boot.php(334): CodeIgniter\CodeIgniter->run()
 6 SYSTEMPATH\Boot.php(67): CodeIgniter\Boot::runCodeIgniter(Object(CodeIgniter\CodeIgniter))
 7 FCPATH\index.php(56): CodeIgniter\Boot::bootWeb(Object(Config\Paths))
 8 SYSTEMPATH\rewrite.php(44): require_once('C:\\laragon\\www\\apotek_app\\public\\index.php')
CRITICAL - 2025-03-31 14:22:39 --> CodeIgniter\Validation\Exceptions\ValidationException: "max:12" is not a valid rule.
[Method: POST, Route: edit_data_supplier/Aji%20Ramdanis]
in SYSTEMPATH\Validation\Validation.php on line 347.
 1 SYSTEMPATH\Validation\Validation.php(347): CodeIgniter\Validation\Exceptions\ValidationException::forRuleNotFound('max:12')
 2 SYSTEMPATH\Validation\Validation.php(203): CodeIgniter\Validation\Validation->processRules('no_telp', 'no_telp', '08950874270033', [...], [...], 'no_telp')
 3 APPPATH\Controllers\Admin\data_supplier\DspController.php(63): CodeIgniter\Validation\Validation->run()
 4 SYSTEMPATH\CodeIgniter.php(933): App\Controllers\Admin\data_supplier\DspController->storeEdit('Aji Ramdanis')
 5 SYSTEMPATH\CodeIgniter.php(509): CodeIgniter\CodeIgniter->runController(Object(App\Controllers\Admin\data_supplier\DspController))
 6 SYSTEMPATH\CodeIgniter.php(355): CodeIgniter\CodeIgniter->handleRequest(null, Object(Config\Cache), false)
 7 SYSTEMPATH\Boot.php(334): CodeIgniter\CodeIgniter->run()
 8 SYSTEMPATH\Boot.php(67): CodeIgniter\Boot::runCodeIgniter(Object(CodeIgniter\CodeIgniter))
 9 FCPATH\index.php(56): CodeIgniter\Boot::bootWeb(Object(Config\Paths))
10 SYSTEMPATH\rewrite.php(44): require_once('C:\\laragon\\www\\apotek_app\\public\\index.php')
CRITICAL - 2025-03-31 16:01:07 --> CodeIgniter\Pager\Exceptions\PagerException: "bootstrap_pagination" is not a valid Pager template.
[Method: GET, Route: data_supplier]
in SYSTEMPATH\Pager\Pager.php on line 124.
 1 SYSTEMPATH\Pager\Pager.php(124): CodeIgniter\Pager\Exceptions\PagerException::forInvalidTemplate('bootstrap_pagination')
 2 SYSTEMPATH\Pager\Pager.php(87): CodeIgniter\Pager\Pager->displayLinks('default', 'bootstrap_pagination')
 3 APPPATH\Views\admin\components\data_supplier\content_body.php(98): CodeIgniter\Pager\Pager->links('default', 'bootstrap_pagination')
 4 SYSTEMPATH\View\View.php(234): include('C:\\laragon\\www\\apotek_app\\app\\Views\\admin\\components\\data_supplier\\content_body.php')
 5 SYSTEMPATH\View\View.php(237): CodeIgniter\View\View->CodeIgniter\View\{closure}()
 6 SYSTEMPATH\Common.php(1171): CodeIgniter\View\View->render('admin/components/data_supplier/content_body', [], true)
 7 APPPATH\Views\admin\pages\DataSupplier.php(30): view('admin/components/data_supplier/content_body')
 8 SYSTEMPATH\View\View.php(234): include('C:\\laragon\\www\\apotek_app\\app\\Views\\admin\\pages\\DataSupplier.php')
 9 SYSTEMPATH\View\View.php(237): CodeIgniter\View\View->CodeIgniter\View\{closure}()
10 SYSTEMPATH\Common.php(1171): CodeIgniter\View\View->render('admin/pages/DataSupplier', [], true)
11 APPPATH\Controllers\Admin\data_supplier\DspController.php(23): view('admin/pages/DataSupplier', [...])
12 SYSTEMPATH\CodeIgniter.php(933): App\Controllers\Admin\data_supplier\DspController->index()
13 SYSTEMPATH\CodeIgniter.php(509): CodeIgniter\CodeIgniter->runController(Object(App\Controllers\Admin\data_supplier\DspController))
14 SYSTEMPATH\CodeIgniter.php(355): CodeIgniter\CodeIgniter->handleRequest(null, Object(Config\Cache), false)
15 SYSTEMPATH\Boot.php(334): CodeIgniter\CodeIgniter->run()
16 SYSTEMPATH\Boot.php(67): CodeIgniter\Boot::runCodeIgniter(Object(CodeIgniter\CodeIgniter))
17 FCPATH\index.php(56): CodeIgniter\Boot::bootWeb(Object(Config\Paths))
18 SYSTEMPATH\rewrite.php(44): require_once('C:\\laragon\\www\\apotek_app\\public\\index.php')
CRITICAL - 2025-03-31 16:22:59 --> ErrorException: Undefined variable $index
[Method: GET, Route: data_supplier]
in APPPATH\Views\admin\components\data_supplier\content_body.php on line 70.
 1 APPPATH\Views\admin\components\data_supplier\content_body.php(70): CodeIgniter\Debug\Exceptions->errorHandler(2, 'Undefined variable $index', 'C:\\laragon\\www\\apotek_app\\app\\Views\\admin\\components\\data_supplier\\content_body.php', 70)
 2 SYSTEMPATH\View\View.php(234): include('C:\\laragon\\www\\apotek_app\\app\\Views\\admin\\components\\data_supplier\\content_body.php')
 3 SYSTEMPATH\View\View.php(237): CodeIgniter\View\View->CodeIgniter\View\{closure}()
 4 SYSTEMPATH\Common.php(1171): CodeIgniter\View\View->render('admin/components/data_supplier/content_body', [], true)
 5 APPPATH\Views\admin\pages\DataSupplier.php(30): view('admin/components/data_supplier/content_body')
 6 SYSTEMPATH\View\View.php(234): include('C:\\laragon\\www\\apotek_app\\app\\Views\\admin\\pages\\DataSupplier.php')
 7 SYSTEMPATH\View\View.php(237): CodeIgniter\View\View->CodeIgniter\View\{closure}()
 8 SYSTEMPATH\Common.php(1171): CodeIgniter\View\View->render('admin/pages/DataSupplier', [], true)
 9 APPPATH\Controllers\Admin\data_supplier\DspController.php(26): view('admin/pages/DataSupplier', [...])
10 SYSTEMPATH\CodeIgniter.php(933): App\Controllers\Admin\data_supplier\DspController->index()
11 SYSTEMPATH\CodeIgniter.php(509): CodeIgniter\CodeIgniter->runController(Object(App\Controllers\Admin\data_supplier\DspController))
12 SYSTEMPATH\CodeIgniter.php(355): CodeIgniter\CodeIgniter->handleRequest(null, Object(Config\Cache), false)
13 SYSTEMPATH\Boot.php(334): CodeIgniter\CodeIgniter->run()
14 SYSTEMPATH\Boot.php(67): CodeIgniter\Boot::runCodeIgniter(Object(CodeIgniter\CodeIgniter))
15 FCPATH\index.php(56): CodeIgniter\Boot::bootWeb(Object(Config\Paths))
16 SYSTEMPATH\rewrite.php(44): require_once('C:\\laragon\\www\\apotek_app\\public\\index.php')
CRITICAL - 2025-03-31 16:23:14 --> TypeError: Unsupported operand types: int + array
[Method: GET, Route: data_supplier]
in APPPATH\Views\admin\components\data_supplier\content_body.php on line 70.
 1 SYSTEMPATH\View\View.php(234): include()
 2 SYSTEMPATH\View\View.php(237): CodeIgniter\View\View->CodeIgniter\View\{closure}()
 3 SYSTEMPATH\Common.php(1171): CodeIgniter\View\View->render('admin/components/data_supplier/content_body', [], true)
 4 APPPATH\Views\admin\pages\DataSupplier.php(30): view('admin/components/data_supplier/content_body')
 5 SYSTEMPATH\View\View.php(234): include('C:\\laragon\\www\\apotek_app\\app\\Views\\admin\\pages\\DataSupplier.php')
 6 SYSTEMPATH\View\View.php(237): CodeIgniter\View\View->CodeIgniter\View\{closure}()
 7 SYSTEMPATH\Common.php(1171): CodeIgniter\View\View->render('admin/pages/DataSupplier', [], true)
 8 APPPATH\Controllers\Admin\data_supplier\DspController.php(26): view('admin/pages/DataSupplier', [...])
 9 SYSTEMPATH\CodeIgniter.php(933): App\Controllers\Admin\data_supplier\DspController->index()
10 SYSTEMPATH\CodeIgniter.php(509): CodeIgniter\CodeIgniter->runController(Object(App\Controllers\Admin\data_supplier\DspController))
11 SYSTEMPATH\CodeIgniter.php(355): CodeIgniter\CodeIgniter->handleRequest(null, Object(Config\Cache), false)
12 SYSTEMPATH\Boot.php(334): CodeIgniter\CodeIgniter->run()
13 SYSTEMPATH\Boot.php(67): CodeIgniter\Boot::runCodeIgniter(Object(CodeIgniter\CodeIgniter))
14 FCPATH\index.php(56): CodeIgniter\Boot::bootWeb(Object(Config\Paths))
15 SYSTEMPATH\rewrite.php(44): require_once('C:\\laragon\\www\\apotek_app\\public\\index.php')
CRITICAL - 2025-03-31 16:23:46 --> TypeError: Unsupported operand types: int + array
[Method: GET, Route: data_supplier]
in APPPATH\Views\admin\components\data_supplier\content_body.php on line 70.
 1 SYSTEMPATH\View\View.php(234): include()
 2 SYSTEMPATH\View\View.php(237): CodeIgniter\View\View->CodeIgniter\View\{closure}()
 3 SYSTEMPATH\Common.php(1171): CodeIgniter\View\View->render('admin/components/data_supplier/content_body', [], true)
 4 APPPATH\Views\admin\pages\DataSupplier.php(30): view('admin/components/data_supplier/content_body')
 5 SYSTEMPATH\View\View.php(234): include('C:\\laragon\\www\\apotek_app\\app\\Views\\admin\\pages\\DataSupplier.php')
 6 SYSTEMPATH\View\View.php(237): CodeIgniter\View\View->CodeIgniter\View\{closure}()
 7 SYSTEMPATH\Common.php(1171): CodeIgniter\View\View->render('admin/pages/DataSupplier', [], true)
 8 APPPATH\Controllers\Admin\data_supplier\DspController.php(26): view('admin/pages/DataSupplier', [...])
 9 SYSTEMPATH\CodeIgniter.php(933): App\Controllers\Admin\data_supplier\DspController->index()
10 SYSTEMPATH\CodeIgniter.php(509): CodeIgniter\CodeIgniter->runController(Object(App\Controllers\Admin\data_supplier\DspController))
11 SYSTEMPATH\CodeIgniter.php(355): CodeIgniter\CodeIgniter->handleRequest(null, Object(Config\Cache), false)
12 SYSTEMPATH\Boot.php(334): CodeIgniter\CodeIgniter->run()
13 SYSTEMPATH\Boot.php(67): CodeIgniter\Boot::runCodeIgniter(Object(CodeIgniter\CodeIgniter))
14 FCPATH\index.php(56): CodeIgniter\Boot::bootWeb(Object(Config\Paths))
15 SYSTEMPATH\rewrite.php(44): require_once('C:\\laragon\\www\\apotek_app\\public\\index.php')
CRITICAL - 2025-03-31 16:23:47 --> TypeError: Unsupported operand types: int + array
[Method: GET, Route: data_supplier]
in APPPATH\Views\admin\components\data_supplier\content_body.php on line 70.
 1 SYSTEMPATH\View\View.php(234): include()
 2 SYSTEMPATH\View\View.php(237): CodeIgniter\View\View->CodeIgniter\View\{closure}()
 3 SYSTEMPATH\Common.php(1171): CodeIgniter\View\View->render('admin/components/data_supplier/content_body', [], true)
 4 APPPATH\Views\admin\pages\DataSupplier.php(30): view('admin/components/data_supplier/content_body')
 5 SYSTEMPATH\View\View.php(234): include('C:\\laragon\\www\\apotek_app\\app\\Views\\admin\\pages\\DataSupplier.php')
 6 SYSTEMPATH\View\View.php(237): CodeIgniter\View\View->CodeIgniter\View\{closure}()
 7 SYSTEMPATH\Common.php(1171): CodeIgniter\View\View->render('admin/pages/DataSupplier', [], true)
 8 APPPATH\Controllers\Admin\data_supplier\DspController.php(26): view('admin/pages/DataSupplier', [...])
 9 SYSTEMPATH\CodeIgniter.php(933): App\Controllers\Admin\data_supplier\DspController->index()
10 SYSTEMPATH\CodeIgniter.php(509): CodeIgniter\CodeIgniter->runController(Object(App\Controllers\Admin\data_supplier\DspController))
11 SYSTEMPATH\CodeIgniter.php(355): CodeIgniter\CodeIgniter->handleRequest(null, Object(Config\Cache), false)
12 SYSTEMPATH\Boot.php(334): CodeIgniter\CodeIgniter->run()
13 SYSTEMPATH\Boot.php(67): CodeIgniter\Boot::runCodeIgniter(Object(CodeIgniter\CodeIgniter))
14 FCPATH\index.php(56): CodeIgniter\Boot::bootWeb(Object(Config\Paths))
15 SYSTEMPATH\rewrite.php(44): require_once('C:\\laragon\\www\\apotek_app\\public\\index.php')
CRITICAL - 2025-03-31 16:23:48 --> TypeError: Unsupported operand types: int + array
[Method: GET, Route: data_supplier]
in APPPATH\Views\admin\components\data_supplier\content_body.php on line 70.
 1 SYSTEMPATH\View\View.php(234): include()
 2 SYSTEMPATH\View\View.php(237): CodeIgniter\View\View->CodeIgniter\View\{closure}()
 3 SYSTEMPATH\Common.php(1171): CodeIgniter\View\View->render('admin/components/data_supplier/content_body', [], true)
 4 APPPATH\Views\admin\pages\DataSupplier.php(30): view('admin/components/data_supplier/content_body')
 5 SYSTEMPATH\View\View.php(234): include('C:\\laragon\\www\\apotek_app\\app\\Views\\admin\\pages\\DataSupplier.php')
 6 SYSTEMPATH\View\View.php(237): CodeIgniter\View\View->CodeIgniter\View\{closure}()
 7 SYSTEMPATH\Common.php(1171): CodeIgniter\View\View->render('admin/pages/DataSupplier', [], true)
 8 APPPATH\Controllers\Admin\data_supplier\DspController.php(26): view('admin/pages/DataSupplier', [...])
 9 SYSTEMPATH\CodeIgniter.php(933): App\Controllers\Admin\data_supplier\DspController->index()
10 SYSTEMPATH\CodeIgniter.php(509): CodeIgniter\CodeIgniter->runController(Object(App\Controllers\Admin\data_supplier\DspController))
11 SYSTEMPATH\CodeIgniter.php(355): CodeIgniter\CodeIgniter->handleRequest(null, Object(Config\Cache), false)
12 SYSTEMPATH\Boot.php(334): CodeIgniter\CodeIgniter->run()
13 SYSTEMPATH\Boot.php(67): CodeIgniter\Boot::runCodeIgniter(Object(CodeIgniter\CodeIgniter))
14 FCPATH\index.php(56): CodeIgniter\Boot::bootWeb(Object(Config\Paths))
15 SYSTEMPATH\rewrite.php(44): require_once('C:\\laragon\\www\\apotek_app\\public\\index.php')
CRITICAL - 2025-03-31 16:23:48 --> TypeError: Unsupported operand types: int + array
[Method: GET, Route: data_supplier]
in APPPATH\Views\admin\components\data_supplier\content_body.php on line 70.
 1 SYSTEMPATH\View\View.php(234): include()
 2 SYSTEMPATH\View\View.php(237): CodeIgniter\View\View->CodeIgniter\View\{closure}()
 3 SYSTEMPATH\Common.php(1171): CodeIgniter\View\View->render('admin/components/data_supplier/content_body', [], true)
 4 APPPATH\Views\admin\pages\DataSupplier.php(30): view('admin/components/data_supplier/content_body')
 5 SYSTEMPATH\View\View.php(234): include('C:\\laragon\\www\\apotek_app\\app\\Views\\admin\\pages\\DataSupplier.php')
 6 SYSTEMPATH\View\View.php(237): CodeIgniter\View\View->CodeIgniter\View\{closure}()
 7 SYSTEMPATH\Common.php(1171): CodeIgniter\View\View->render('admin/pages/DataSupplier', [], true)
 8 APPPATH\Controllers\Admin\data_supplier\DspController.php(26): view('admin/pages/DataSupplier', [...])
 9 SYSTEMPATH\CodeIgniter.php(933): App\Controllers\Admin\data_supplier\DspController->index()
10 SYSTEMPATH\CodeIgniter.php(509): CodeIgniter\CodeIgniter->runController(Object(App\Controllers\Admin\data_supplier\DspController))
11 SYSTEMPATH\CodeIgniter.php(355): CodeIgniter\CodeIgniter->handleRequest(null, Object(Config\Cache), false)
12 SYSTEMPATH\Boot.php(334): CodeIgniter\CodeIgniter->run()
13 SYSTEMPATH\Boot.php(67): CodeIgniter\Boot::runCodeIgniter(Object(CodeIgniter\CodeIgniter))
14 FCPATH\index.php(56): CodeIgniter\Boot::bootWeb(Object(Config\Paths))
15 SYSTEMPATH\rewrite.php(44): require_once('C:\\laragon\\www\\apotek_app\\public\\index.php')
CRITICAL - 2025-03-31 16:23:50 --> TypeError: Unsupported operand types: int + array
[Method: GET, Route: data_supplier]
in APPPATH\Views\admin\components\data_supplier\content_body.php on line 70.
 1 SYSTEMPATH\View\View.php(234): include()
 2 SYSTEMPATH\View\View.php(237): CodeIgniter\View\View->CodeIgniter\View\{closure}()
 3 SYSTEMPATH\Common.php(1171): CodeIgniter\View\View->render('admin/components/data_supplier/content_body', [], true)
 4 APPPATH\Views\admin\pages\DataSupplier.php(30): view('admin/components/data_supplier/content_body')
 5 SYSTEMPATH\View\View.php(234): include('C:\\laragon\\www\\apotek_app\\app\\Views\\admin\\pages\\DataSupplier.php')
 6 SYSTEMPATH\View\View.php(237): CodeIgniter\View\View->CodeIgniter\View\{closure}()
 7 SYSTEMPATH\Common.php(1171): CodeIgniter\View\View->render('admin/pages/DataSupplier', [], true)
 8 APPPATH\Controllers\Admin\data_supplier\DspController.php(26): view('admin/pages/DataSupplier', [...])
 9 SYSTEMPATH\CodeIgniter.php(933): App\Controllers\Admin\data_supplier\DspController->index()
10 SYSTEMPATH\CodeIgniter.php(509): CodeIgniter\CodeIgniter->runController(Object(App\Controllers\Admin\data_supplier\DspController))
11 SYSTEMPATH\CodeIgniter.php(355): CodeIgniter\CodeIgniter->handleRequest(null, Object(Config\Cache), false)
12 SYSTEMPATH\Boot.php(334): CodeIgniter\CodeIgniter->run()
13 SYSTEMPATH\Boot.php(67): CodeIgniter\Boot::runCodeIgniter(Object(CodeIgniter\CodeIgniter))
14 FCPATH\index.php(56): CodeIgniter\Boot::bootWeb(Object(Config\Paths))
15 SYSTEMPATH\rewrite.php(44): require_once('C:\\laragon\\www\\apotek_app\\public\\index.php')
CRITICAL - 2025-03-31 16:23:50 --> TypeError: Unsupported operand types: int + array
[Method: GET, Route: data_supplier]
in APPPATH\Views\admin\components\data_supplier\content_body.php on line 70.
 1 SYSTEMPATH\View\View.php(234): include()
 2 SYSTEMPATH\View\View.php(237): CodeIgniter\View\View->CodeIgniter\View\{closure}()
 3 SYSTEMPATH\Common.php(1171): CodeIgniter\View\View->render('admin/components/data_supplier/content_body', [], true)
 4 APPPATH\Views\admin\pages\DataSupplier.php(30): view('admin/components/data_supplier/content_body')
 5 SYSTEMPATH\View\View.php(234): include('C:\\laragon\\www\\apotek_app\\app\\Views\\admin\\pages\\DataSupplier.php')
 6 SYSTEMPATH\View\View.php(237): CodeIgniter\View\View->CodeIgniter\View\{closure}()
 7 SYSTEMPATH\Common.php(1171): CodeIgniter\View\View->render('admin/pages/DataSupplier', [], true)
 8 APPPATH\Controllers\Admin\data_supplier\DspController.php(26): view('admin/pages/DataSupplier', [...])
 9 SYSTEMPATH\CodeIgniter.php(933): App\Controllers\Admin\data_supplier\DspController->index()
10 SYSTEMPATH\CodeIgniter.php(509): CodeIgniter\CodeIgniter->runController(Object(App\Controllers\Admin\data_supplier\DspController))
11 SYSTEMPATH\CodeIgniter.php(355): CodeIgniter\CodeIgniter->handleRequest(null, Object(Config\Cache), false)
12 SYSTEMPATH\Boot.php(334): CodeIgniter\CodeIgniter->run()
13 SYSTEMPATH\Boot.php(67): CodeIgniter\Boot::runCodeIgniter(Object(CodeIgniter\CodeIgniter))
14 FCPATH\index.php(56): CodeIgniter\Boot::bootWeb(Object(Config\Paths))
15 SYSTEMPATH\rewrite.php(44): require_once('C:\\laragon\\www\\apotek_app\\public\\index.php')
CRITICAL - 2025-03-31 16:23:50 --> TypeError: Unsupported operand types: int + array
[Method: GET, Route: data_supplier]
in APPPATH\Views\admin\components\data_supplier\content_body.php on line 70.
 1 SYSTEMPATH\View\View.php(234): include()
 2 SYSTEMPATH\View\View.php(237): CodeIgniter\View\View->CodeIgniter\View\{closure}()
 3 SYSTEMPATH\Common.php(1171): CodeIgniter\View\View->render('admin/components/data_supplier/content_body', [], true)
 4 APPPATH\Views\admin\pages\DataSupplier.php(30): view('admin/components/data_supplier/content_body')
 5 SYSTEMPATH\View\View.php(234): include('C:\\laragon\\www\\apotek_app\\app\\Views\\admin\\pages\\DataSupplier.php')
 6 SYSTEMPATH\View\View.php(237): CodeIgniter\View\View->CodeIgniter\View\{closure}()
 7 SYSTEMPATH\Common.php(1171): CodeIgniter\View\View->render('admin/pages/DataSupplier', [], true)
 8 APPPATH\Controllers\Admin\data_supplier\DspController.php(26): view('admin/pages/DataSupplier', [...])
 9 SYSTEMPATH\CodeIgniter.php(933): App\Controllers\Admin\data_supplier\DspController->index()
10 SYSTEMPATH\CodeIgniter.php(509): CodeIgniter\CodeIgniter->runController(Object(App\Controllers\Admin\data_supplier\DspController))
11 SYSTEMPATH\CodeIgniter.php(355): CodeIgniter\CodeIgniter->handleRequest(null, Object(Config\Cache), false)
12 SYSTEMPATH\Boot.php(334): CodeIgniter\CodeIgniter->run()
13 SYSTEMPATH\Boot.php(67): CodeIgniter\Boot::runCodeIgniter(Object(CodeIgniter\CodeIgniter))
14 FCPATH\index.php(56): CodeIgniter\Boot::bootWeb(Object(Config\Paths))
15 SYSTEMPATH\rewrite.php(44): require_once('C:\\laragon\\www\\apotek_app\\public\\index.php')
CRITICAL - 2025-03-31 16:23:51 --> TypeError: Unsupported operand types: int + array
[Method: GET, Route: data_supplier]
in APPPATH\Views\admin\components\data_supplier\content_body.php on line 70.
 1 SYSTEMPATH\View\View.php(234): include()
 2 SYSTEMPATH\View\View.php(237): CodeIgniter\View\View->CodeIgniter\View\{closure}()
 3 SYSTEMPATH\Common.php(1171): CodeIgniter\View\View->render('admin/components/data_supplier/content_body', [], true)
 4 APPPATH\Views\admin\pages\DataSupplier.php(30): view('admin/components/data_supplier/content_body')
 5 SYSTEMPATH\View\View.php(234): include('C:\\laragon\\www\\apotek_app\\app\\Views\\admin\\pages\\DataSupplier.php')
 6 SYSTEMPATH\View\View.php(237): CodeIgniter\View\View->CodeIgniter\View\{closure}()
 7 SYSTEMPATH\Common.php(1171): CodeIgniter\View\View->render('admin/pages/DataSupplier', [], true)
 8 APPPATH\Controllers\Admin\data_supplier\DspController.php(26): view('admin/pages/DataSupplier', [...])
 9 SYSTEMPATH\CodeIgniter.php(933): App\Controllers\Admin\data_supplier\DspController->index()
10 SYSTEMPATH\CodeIgniter.php(509): CodeIgniter\CodeIgniter->runController(Object(App\Controllers\Admin\data_supplier\DspController))
11 SYSTEMPATH\CodeIgniter.php(355): CodeIgniter\CodeIgniter->handleRequest(null, Object(Config\Cache), false)
12 SYSTEMPATH\Boot.php(334): CodeIgniter\CodeIgniter->run()
13 SYSTEMPATH\Boot.php(67): CodeIgniter\Boot::runCodeIgniter(Object(CodeIgniter\CodeIgniter))
14 FCPATH\index.php(56): CodeIgniter\Boot::bootWeb(Object(Config\Paths))
15 SYSTEMPATH\rewrite.php(44): require_once('C:\\laragon\\www\\apotek_app\\public\\index.php')
ERROR - 2025-03-31 16:30:02 --> Error connecting to the database: mysqli_sql_exception: No connection could be made because the target machine actively refused it in C:\laragon\www\apotek_app\system\Database\MySQLi\Connection.php:186
Stack trace:
#0 C:\laragon\www\apotek_app\system\Database\MySQLi\Connection.php(186): mysqli->real_connect('localhost', 'root', Object(SensitiveParameterValue), 'apoteker_base', 3306, '', 0)
#1 C:\laragon\www\apotek_app\system\Database\BaseConnection.php(421): CodeIgniter\Database\MySQLi\Connection->connect(false)
#2 C:\laragon\www\apotek_app\system\Database\BaseConnection.php(616): CodeIgniter\Database\BaseConnection->initialize()
#3 C:\laragon\www\apotek_app\system\Database\BaseBuilder.php(1673): CodeIgniter\Database\BaseConnection->query('SELECT COUNT(*)...', NULL, false)
#4 C:\laragon\www\apotek_app\system\Model.php(928): CodeIgniter\Database\BaseBuilder->countAll()
#5 C:\laragon\www\apotek_app\app\Controllers\Admin\Admin.php(14): CodeIgniter\Model->__call('countAll', Array)
#6 C:\laragon\www\apotek_app\system\CodeIgniter.php(933): App\Controllers\Admin\Admin->index()
#7 C:\laragon\www\apotek_app\system\CodeIgniter.php(509): CodeIgniter\CodeIgniter->runController(Object(App\Controllers\Admin\Admin))
#8 C:\laragon\www\apotek_app\system\CodeIgniter.php(355): CodeIgniter\CodeIgniter->handleRequest(NULL, Object(Config\Cache), false)
#9 C:\laragon\www\apotek_app\system\Boot.php(334): CodeIgniter\CodeIgniter->run()
#10 C:\laragon\www\apotek_app\system\Boot.php(67): CodeIgniter\Boot::runCodeIgniter(Object(CodeIgniter\CodeIgniter))
#11 C:\laragon\www\apotek_app\public\index.php(56): CodeIgniter\Boot::bootWeb(Object(Config\Paths))
#12 C:\laragon\www\apotek_app\system\rewrite.php(44): require_once('C:\\laragon\\www\\...')
#13 {main}

Next CodeIgniter\Database\Exceptions\DatabaseException: No connection could be made because the target machine actively refused it in C:\laragon\www\apotek_app\system\Database\MySQLi\Connection.php:231
Stack trace:
#0 C:\laragon\www\apotek_app\system\Database\BaseConnection.php(421): CodeIgniter\Database\MySQLi\Connection->connect(false)
#1 C:\laragon\www\apotek_app\system\Database\BaseConnection.php(616): CodeIgniter\Database\BaseConnection->initialize()
#2 C:\laragon\www\apotek_app\system\Database\BaseBuilder.php(1673): CodeIgniter\Database\BaseConnection->query('SELECT COUNT(*)...', NULL, false)
#3 C:\laragon\www\apotek_app\system\Model.php(928): CodeIgniter\Database\BaseBuilder->countAll()
#4 C:\laragon\www\apotek_app\app\Controllers\Admin\Admin.php(14): CodeIgniter\Model->__call('countAll', Array)
#5 C:\laragon\www\apotek_app\system\CodeIgniter.php(933): App\Controllers\Admin\Admin->index()
#6 C:\laragon\www\apotek_app\system\CodeIgniter.php(509): CodeIgniter\CodeIgniter->runController(Object(App\Controllers\Admin\Admin))
#7 C:\laragon\www\apotek_app\system\CodeIgniter.php(355): CodeIgniter\CodeIgniter->handleRequest(NULL, Object(Config\Cache), false)
#8 C:\laragon\www\apotek_app\system\Boot.php(334): CodeIgniter\CodeIgniter->run()
#9 C:\laragon\www\apotek_app\system\Boot.php(67): CodeIgniter\Boot::runCodeIgniter(Object(CodeIgniter\CodeIgniter))
#10 C:\laragon\www\apotek_app\public\index.php(56): CodeIgniter\Boot::bootWeb(Object(Config\Paths))
#11 C:\laragon\www\apotek_app\system\rewrite.php(44): require_once('C:\\laragon\\www\\...')
#12 {main}
CRITICAL - 2025-03-31 16:30:02 --> CodeIgniter\Database\Exceptions\DatabaseException: Unable to connect to the database.
Main connection [MySQLi]: No connection could be made because the target machine actively refused it
[Method: GET, Route: dashboard]
in SYSTEMPATH\Database\BaseConnection.php on line 467.
 1 SYSTEMPATH\Database\BaseConnection.php(616): CodeIgniter\Database\BaseConnection->initialize()
 2 SYSTEMPATH\Database\BaseBuilder.php(1673): CodeIgniter\Database\BaseConnection->query('SELECT COUNT(*) AS `numrows` FROM `obat`', null, false)
 3 SYSTEMPATH\Model.php(928): CodeIgniter\Database\BaseBuilder->countAll()
 4 APPPATH\Controllers\Admin\Admin.php(14): CodeIgniter\Model->__call('countAll', [])
 5 SYSTEMPATH\CodeIgniter.php(933): App\Controllers\Admin\Admin->index()
 6 SYSTEMPATH\CodeIgniter.php(509): CodeIgniter\CodeIgniter->runController(Object(App\Controllers\Admin\Admin))
 7 SYSTEMPATH\CodeIgniter.php(355): CodeIgniter\CodeIgniter->handleRequest(null, Object(Config\Cache), false)
 8 SYSTEMPATH\Boot.php(334): CodeIgniter\CodeIgniter->run()
 9 SYSTEMPATH\Boot.php(67): CodeIgniter\Boot::runCodeIgniter(Object(CodeIgniter\CodeIgniter))
10 FCPATH\index.php(56): CodeIgniter\Boot::bootWeb(Object(Config\Paths))
11 SYSTEMPATH\rewrite.php(44): require_once('C:\\laragon\\www\\apotek_app\\public\\index.php')
