CRITICAL - 2025-04-14 15:25:27 --> Error: Call to a member function getErrors() on null
[Method: POST, Route: store_data_obat]
in APPPATH\Controllers\Admin\data_obat\DtoController.php on line 29.
 1 SYSTEMPATH\CodeIgniter.php(933): App\Controllers\Admin\data_obat\DtoController->storeObat()
 2 SYSTEMPATH\CodeIgniter.php(509): CodeIgniter\CodeIgniter->runController(Object(App\Controllers\Admin\data_obat\DtoController))
 3 SYSTEMPATH\CodeIgniter.php(355): CodeIgniter\CodeIgniter->handleRequest(null, Object(Config\Cache), false)
 4 SYSTEMPATH\Boot.php(334): CodeIgniter\CodeIgniter->run()
 5 SYSTEMPATH\Boot.php(67): CodeIgniter\Boot::runCodeIgniter(Object(CodeIgniter\CodeIgniter))
 6 FCPATH\index.php(56): CodeIgniter\Boot::bootWeb(Object(Config\Paths))
 7 SYSTEMPATH\rewrite.php(44): require_once('C:\\laragon\\www\\apotek_app\\public\\index.php')
ERROR - 2025-04-14 15:36:15 --> mysqli_sql_exception: Column 'kode_obat' cannot be null in C:\laragon\www\apotek_app\system\Database\MySQLi\Connection.php:312
Stack trace:
#0 C:\laragon\www\apotek_app\system\Database\MySQLi\Connection.php(312): mysqli->query('INSERT INTO `ob...', 0)
#1 C:\laragon\www\apotek_app\system\Database\BaseConnection.php(734): CodeIgniter\Database\MySQLi\Connection->execute('INSERT INTO `ob...')
#2 C:\laragon\www\apotek_app\system\Database\BaseConnection.php(648): CodeIgniter\Database\BaseConnection->simpleQuery('INSERT INTO `ob...')
#3 C:\laragon\www\apotek_app\system\Database\BaseBuilder.php(2340): CodeIgniter\Database\BaseConnection->query('INSERT INTO `ob...', Array, false)
#4 C:\laragon\www\apotek_app\system\Model.php(394): CodeIgniter\Database\BaseBuilder->insert()
#5 C:\laragon\www\apotek_app\system\BaseModel.php(839): CodeIgniter\Model->doInsert(Array)
#6 C:\laragon\www\apotek_app\system\Model.php(800): CodeIgniter\BaseModel->insert(Array, true)
#7 C:\laragon\www\apotek_app\app\Controllers\Admin\data_obat\DtoController.php(33): CodeIgniter\Model->insert(Array)
#8 C:\laragon\www\apotek_app\system\CodeIgniter.php(933): App\Controllers\Admin\data_obat\DtoController->storeObat()
#9 C:\laragon\www\apotek_app\system\CodeIgniter.php(509): CodeIgniter\CodeIgniter->runController(Object(App\Controllers\Admin\data_obat\DtoController))
#10 C:\laragon\www\apotek_app\system\CodeIgniter.php(355): CodeIgniter\CodeIgniter->handleRequest(NULL, Object(Config\Cache), false)
#11 C:\laragon\www\apotek_app\system\Boot.php(334): CodeIgniter\CodeIgniter->run()
#12 C:\laragon\www\apotek_app\system\Boot.php(67): CodeIgniter\Boot::runCodeIgniter(Object(CodeIgniter\CodeIgniter))
#13 C:\laragon\www\apotek_app\public\index.php(56): CodeIgniter\Boot::bootWeb(Object(Config\Paths))
#14 C:\laragon\www\apotek_app\system\rewrite.php(44): require_once('C:\\laragon\\www\\...')
#15 {main}
CRITICAL - 2025-04-14 15:36:15 --> CodeIgniter\Database\Exceptions\DatabaseException: Column 'kode_obat' cannot be null
[Method: POST, Route: store_data_obat]
in SYSTEMPATH\Database\BaseConnection.php on line 688.
 1 SYSTEMPATH\Database\BaseBuilder.php(2340): CodeIgniter\Database\BaseConnection->query('INSERT INTO `obat` (`kode_obat`, `nama`) VALUES (:kode_obat:, :nama:)', [...], false)
 2 SYSTEMPATH\Model.php(394): CodeIgniter\Database\BaseBuilder->insert()
 3 SYSTEMPATH\BaseModel.php(839): CodeIgniter\Model->doInsert([...])
 4 SYSTEMPATH\Model.php(800): CodeIgniter\BaseModel->insert([...], true)
 5 APPPATH\Controllers\Admin\data_obat\DtoController.php(33): CodeIgniter\Model->insert([...])
 6 SYSTEMPATH\CodeIgniter.php(933): App\Controllers\Admin\data_obat\DtoController->storeObat()
 7 SYSTEMPATH\CodeIgniter.php(509): CodeIgniter\CodeIgniter->runController(Object(App\Controllers\Admin\data_obat\DtoController))
 8 SYSTEMPATH\CodeIgniter.php(355): CodeIgniter\CodeIgniter->handleRequest(null, Object(Config\Cache), false)
 9 SYSTEMPATH\Boot.php(334): CodeIgniter\CodeIgniter->run()
10 SYSTEMPATH\Boot.php(67): CodeIgniter\Boot::runCodeIgniter(Object(CodeIgniter\CodeIgniter))
11 FCPATH\index.php(56): CodeIgniter\Boot::bootWeb(Object(Config\Paths))
12 SYSTEMPATH\rewrite.php(44): require_once('C:\\laragon\\www\\apotek_app\\public\\index.php')
CRITICAL - 2025-04-14 15:36:15 --> [Caused by] CodeIgniter\Database\Exceptions\DatabaseException: Column 'kode_obat' cannot be null
in SYSTEMPATH\Database\MySQLi\Connection.php on line 317.
 1 SYSTEMPATH\Database\BaseConnection.php(734): CodeIgniter\Database\MySQLi\Connection->execute('INSERT INTO `obat` (`kode_obat`, `nama`) VALUES (NULL, \'qqqq\')')
 2 SYSTEMPATH\Database\BaseConnection.php(648): CodeIgniter\Database\BaseConnection->simpleQuery('INSERT INTO `obat` (`kode_obat`, `nama`) VALUES (NULL, \'qqqq\')')
 3 SYSTEMPATH\Database\BaseBuilder.php(2340): CodeIgniter\Database\BaseConnection->query('INSERT INTO `obat` (`kode_obat`, `nama`) VALUES (:kode_obat:, :nama:)', [...], false)
 4 SYSTEMPATH\Model.php(394): CodeIgniter\Database\BaseBuilder->insert()
 5 SYSTEMPATH\BaseModel.php(839): CodeIgniter\Model->doInsert([...])
 6 SYSTEMPATH\Model.php(800): CodeIgniter\BaseModel->insert([...], true)
 7 APPPATH\Controllers\Admin\data_obat\DtoController.php(33): CodeIgniter\Model->insert([...])
 8 SYSTEMPATH\CodeIgniter.php(933): App\Controllers\Admin\data_obat\DtoController->storeObat()
 9 SYSTEMPATH\CodeIgniter.php(509): CodeIgniter\CodeIgniter->runController(Object(App\Controllers\Admin\data_obat\DtoController))
10 SYSTEMPATH\CodeIgniter.php(355): CodeIgniter\CodeIgniter->handleRequest(null, Object(Config\Cache), false)
11 SYSTEMPATH\Boot.php(334): CodeIgniter\CodeIgniter->run()
12 SYSTEMPATH\Boot.php(67): CodeIgniter\Boot::runCodeIgniter(Object(CodeIgniter\CodeIgniter))
13 FCPATH\index.php(56): CodeIgniter\Boot::bootWeb(Object(Config\Paths))
14 SYSTEMPATH\rewrite.php(44): require_once('C:\\laragon\\www\\apotek_app\\public\\index.php')
CRITICAL - 2025-04-14 15:36:15 --> [Caused by] mysqli_sql_exception: Column 'kode_obat' cannot be null
in SYSTEMPATH\Database\MySQLi\Connection.php on line 312.
 1 SYSTEMPATH\Database\MySQLi\Connection.php(312): mysqli->query('INSERT INTO `obat` (`kode_obat`, `nama`) VALUES (NULL, \'qqqq\')', 0)
 2 SYSTEMPATH\Database\BaseConnection.php(734): CodeIgniter\Database\MySQLi\Connection->execute('INSERT INTO `obat` (`kode_obat`, `nama`) VALUES (NULL, \'qqqq\')')
 3 SYSTEMPATH\Database\BaseConnection.php(648): CodeIgniter\Database\BaseConnection->simpleQuery('INSERT INTO `obat` (`kode_obat`, `nama`) VALUES (NULL, \'qqqq\')')
 4 SYSTEMPATH\Database\BaseBuilder.php(2340): CodeIgniter\Database\BaseConnection->query('INSERT INTO `obat` (`kode_obat`, `nama`) VALUES (:kode_obat:, :nama:)', [...], false)
 5 SYSTEMPATH\Model.php(394): CodeIgniter\Database\BaseBuilder->insert()
 6 SYSTEMPATH\BaseModel.php(839): CodeIgniter\Model->doInsert([...])
 7 SYSTEMPATH\Model.php(800): CodeIgniter\BaseModel->insert([...], true)
 8 APPPATH\Controllers\Admin\data_obat\DtoController.php(33): CodeIgniter\Model->insert([...])
 9 SYSTEMPATH\CodeIgniter.php(933): App\Controllers\Admin\data_obat\DtoController->storeObat()
10 SYSTEMPATH\CodeIgniter.php(509): CodeIgniter\CodeIgniter->runController(Object(App\Controllers\Admin\data_obat\DtoController))
11 SYSTEMPATH\CodeIgniter.php(355): CodeIgniter\CodeIgniter->handleRequest(null, Object(Config\Cache), false)
12 SYSTEMPATH\Boot.php(334): CodeIgniter\CodeIgniter->run()
13 SYSTEMPATH\Boot.php(67): CodeIgniter\Boot::runCodeIgniter(Object(CodeIgniter\CodeIgniter))
14 FCPATH\index.php(56): CodeIgniter\Boot::bootWeb(Object(Config\Paths))
15 SYSTEMPATH\rewrite.php(44): require_once('C:\\laragon\\www\\apotek_app\\public\\index.php')
CRITICAL - 2025-04-14 15:44:16 --> Error: Call to undefined method App\Controllers\Admin\data_obat\DtoController::validateObatData()
[Method: POST, Route: store_data_obat]
in APPPATH\Controllers\Admin\data_obat\DtoController.php on line 28.
 1 SYSTEMPATH\CodeIgniter.php(933): App\Controllers\Admin\data_obat\DtoController->storeObat()
 2 SYSTEMPATH\CodeIgniter.php(509): CodeIgniter\CodeIgniter->runController(Object(App\Controllers\Admin\data_obat\DtoController))
 3 SYSTEMPATH\CodeIgniter.php(355): CodeIgniter\CodeIgniter->handleRequest(null, Object(Config\Cache), false)
 4 SYSTEMPATH\Boot.php(334): CodeIgniter\CodeIgniter->run()
 5 SYSTEMPATH\Boot.php(67): CodeIgniter\Boot::runCodeIgniter(Object(CodeIgniter\CodeIgniter))
 6 FCPATH\index.php(56): CodeIgniter\Boot::bootWeb(Object(Config\Paths))
 7 SYSTEMPATH\rewrite.php(44): require_once('C:\\laragon\\www\\apotek_app\\public\\index.php')
