CRITICAL - 2025-04-08 17:52:45 --> ErrorException: Undefined array key "akses"
[Method: GET, Route: dashboard]
in APPPATH\Views\admin\components\sidebar.php on line 83.
 1 APPPATH\Views\admin\components\sidebar.php(83): CodeIgniter\Debug\Exceptions->errorHandler(2, 'Undefined array key "akses"', 'C:\\laragon\\www\\apotek_app\\app\\Views\\admin\\components\\sidebar.php', 83)
 2 SYSTEMPATH\View\View.php(234): include('C:\\laragon\\www\\apotek_app\\app\\Views\\admin\\components\\sidebar.php')
 3 SYSTEMPATH\View\View.php(237): CodeIgniter\View\View->CodeIgniter\View\{closure}()
 4 SYSTEMPATH\Common.php(1171): CodeIgniter\View\View->render('admin/components/sidebar', [], true)
 5 APPPATH\Views\admin\pages\dashboard.php(16): view('admin/components/sidebar')
 6 SYSTEMPATH\View\View.php(234): include('C:\\laragon\\www\\apotek_app\\app\\Views\\admin\\pages\\dashboard.php')
 7 SYSTEMPATH\View\View.php(237): CodeIgniter\View\View->CodeIgniter\View\{closure}()
 8 SYSTEMPATH\Common.php(1171): CodeIgniter\View\View->render('admin/pages/dashboard', [], true)
 9 APPPATH\Controllers\Admin\Admin.php(15): view('admin/pages/dashboard', [...])
10 SYSTEMPATH\CodeIgniter.php(933): App\Controllers\Admin\Admin->index()
11 SYSTEMPATH\CodeIgniter.php(509): CodeIgniter\CodeIgniter->runController(Object(App\Controllers\Admin\Admin))
12 SYSTEMPATH\CodeIgniter.php(355): CodeIgniter\CodeIgniter->handleRequest(null, Object(Config\Cache), false)
13 SYSTEMPATH\Boot.php(334): CodeIgniter\CodeIgniter->run()
14 SYSTEMPATH\Boot.php(67): CodeIgniter\Boot::runCodeIgniter(Object(CodeIgniter\CodeIgniter))
15 FCPATH\index.php(56): CodeIgniter\Boot::bootWeb(Object(Config\Paths))
16 SYSTEMPATH\rewrite.php(44): require_once('C:\\laragon\\www\\apotek_app\\public\\index.php')
CRITICAL - 2025-04-08 17:56:43 --> ErrorException: Undefined array key "akses"
[Method: GET, Route: dashboard]
in APPPATH\Views\admin\components\sidebar.php on line 83.
 1 APPPATH\Views\admin\components\sidebar.php(83): CodeIgniter\Debug\Exceptions->errorHandler(2, 'Undefined array key "akses"', 'C:\\laragon\\www\\apotek_app\\app\\Views\\admin\\components\\sidebar.php', 83)
 2 SYSTEMPATH\View\View.php(234): include('C:\\laragon\\www\\apotek_app\\app\\Views\\admin\\components\\sidebar.php')
 3 SYSTEMPATH\View\View.php(237): CodeIgniter\View\View->CodeIgniter\View\{closure}()
 4 SYSTEMPATH\Common.php(1171): CodeIgniter\View\View->render('admin/components/sidebar', [], true)
 5 APPPATH\Views\admin\pages\dashboard.php(16): view('admin/components/sidebar')
 6 SYSTEMPATH\View\View.php(234): include('C:\\laragon\\www\\apotek_app\\app\\Views\\admin\\pages\\dashboard.php')
 7 SYSTEMPATH\View\View.php(237): CodeIgniter\View\View->CodeIgniter\View\{closure}()
 8 SYSTEMPATH\Common.php(1171): CodeIgniter\View\View->render('admin/pages/dashboard', [], true)
 9 APPPATH\Controllers\Admin\Admin.php(15): view('admin/pages/dashboard', [...])
10 SYSTEMPATH\CodeIgniter.php(933): App\Controllers\Admin\Admin->index()
11 SYSTEMPATH\CodeIgniter.php(509): CodeIgniter\CodeIgniter->runController(Object(App\Controllers\Admin\Admin))
12 SYSTEMPATH\CodeIgniter.php(355): CodeIgniter\CodeIgniter->handleRequest(null, Object(Config\Cache), false)
13 SYSTEMPATH\Boot.php(334): CodeIgniter\CodeIgniter->run()
14 SYSTEMPATH\Boot.php(67): CodeIgniter\Boot::runCodeIgniter(Object(CodeIgniter\CodeIgniter))
15 FCPATH\index.php(56): CodeIgniter\Boot::bootWeb(Object(Config\Paths))
16 SYSTEMPATH\rewrite.php(44): require_once('C:\\laragon\\www\\apotek_app\\public\\index.php')
CRITICAL - 2025-04-08 17:56:51 --> ErrorException: Undefined array key "akses"
[Method: GET, Route: dashboard]
in APPPATH\Views\admin\components\sidebar.php on line 83.
 1 APPPATH\Views\admin\components\sidebar.php(83): CodeIgniter\Debug\Exceptions->errorHandler(2, 'Undefined array key "akses"', 'C:\\laragon\\www\\apotek_app\\app\\Views\\admin\\components\\sidebar.php', 83)
 2 SYSTEMPATH\View\View.php(234): include('C:\\laragon\\www\\apotek_app\\app\\Views\\admin\\components\\sidebar.php')
 3 SYSTEMPATH\View\View.php(237): CodeIgniter\View\View->CodeIgniter\View\{closure}()
 4 SYSTEMPATH\Common.php(1171): CodeIgniter\View\View->render('admin/components/sidebar', [], true)
 5 APPPATH\Views\admin\pages\dashboard.php(16): view('admin/components/sidebar')
 6 SYSTEMPATH\View\View.php(234): include('C:\\laragon\\www\\apotek_app\\app\\Views\\admin\\pages\\dashboard.php')
 7 SYSTEMPATH\View\View.php(237): CodeIgniter\View\View->CodeIgniter\View\{closure}()
 8 SYSTEMPATH\Common.php(1171): CodeIgniter\View\View->render('admin/pages/dashboard', [], true)
 9 APPPATH\Controllers\Admin\Admin.php(15): view('admin/pages/dashboard', [...])
10 SYSTEMPATH\CodeIgniter.php(933): App\Controllers\Admin\Admin->index()
11 SYSTEMPATH\CodeIgniter.php(509): CodeIgniter\CodeIgniter->runController(Object(App\Controllers\Admin\Admin))
12 SYSTEMPATH\CodeIgniter.php(355): CodeIgniter\CodeIgniter->handleRequest(null, Object(Config\Cache), false)
13 SYSTEMPATH\Boot.php(334): CodeIgniter\CodeIgniter->run()
14 SYSTEMPATH\Boot.php(67): CodeIgniter\Boot::runCodeIgniter(Object(CodeIgniter\CodeIgniter))
15 FCPATH\index.php(56): CodeIgniter\Boot::bootWeb(Object(Config\Paths))
16 SYSTEMPATH\rewrite.php(44): require_once('C:\\laragon\\www\\apotek_app\\public\\index.php')
