ERROR - 2025-03-29 06:24:56 --> Error connecting to the database: mysqli_sql_exception: No connection could be made because the target machine actively refused it in C:\laragon\www\apotek_app\system\Database\MySQLi\Connection.php:186
Stack trace:
#0 C:\laragon\www\apotek_app\system\Database\MySQLi\Connection.php(186): mysqli->real_connect('localhost', 'root', Object(SensitiveParameterValue), 'apoteker_base', 3306, '', 0)
#1 C:\laragon\www\apotek_app\system\Database\BaseConnection.php(421): CodeIgniter\Database\MySQLi\Connection->connect(false)
#2 C:\laragon\www\apotek_app\system\Database\BaseConnection.php(616): CodeIgniter\Database\BaseConnection->initialize()
#3 C:\laragon\www\apotek_app\system\Database\BaseBuilder.php(1644): CodeIgniter\Database\BaseConnection->query('SELECT *\nFROM `...', Array, false)
#4 C:\laragon\www\apotek_app\system\Model.php(330): CodeIgniter\Database\BaseBuilder->get()
#5 C:\laragon\www\apotek_app\system\BaseModel.php(713): CodeIgniter\Model->doFirst()
#6 C:\laragon\www\apotek_app\app\Controllers\Auth\AuthController.php(20): CodeIgniter\BaseModel->first()
#7 C:\laragon\www\apotek_app\system\CodeIgniter.php(933): App\Controllers\Auth\AuthController->MasukAdmin()
#8 C:\laragon\www\apotek_app\system\CodeIgniter.php(509): CodeIgniter\CodeIgniter->runController(Object(App\Controllers\Auth\AuthController))
#9 C:\laragon\www\apotek_app\system\CodeIgniter.php(355): CodeIgniter\CodeIgniter->handleRequest(NULL, Object(Config\Cache), false)
#10 C:\laragon\www\apotek_app\system\Boot.php(334): CodeIgniter\CodeIgniter->run()
#11 C:\laragon\www\apotek_app\system\Boot.php(67): CodeIgniter\Boot::runCodeIgniter(Object(CodeIgniter\CodeIgniter))
#12 C:\laragon\www\apotek_app\public\index.php(56): CodeIgniter\Boot::bootWeb(Object(Config\Paths))
#13 C:\laragon\www\apotek_app\system\rewrite.php(44): require_once('C:\\laragon\\www\\...')
#14 {main}

Next CodeIgniter\Database\Exceptions\DatabaseException: No connection could be made because the target machine actively refused it in C:\laragon\www\apotek_app\system\Database\MySQLi\Connection.php:231
Stack trace:
#0 C:\laragon\www\apotek_app\system\Database\BaseConnection.php(421): CodeIgniter\Database\MySQLi\Connection->connect(false)
#1 C:\laragon\www\apotek_app\system\Database\BaseConnection.php(616): CodeIgniter\Database\BaseConnection->initialize()
#2 C:\laragon\www\apotek_app\system\Database\BaseBuilder.php(1644): CodeIgniter\Database\BaseConnection->query('SELECT *\nFROM `...', Array, false)
#3 C:\laragon\www\apotek_app\system\Model.php(330): CodeIgniter\Database\BaseBuilder->get()
#4 C:\laragon\www\apotek_app\system\BaseModel.php(713): CodeIgniter\Model->doFirst()
#5 C:\laragon\www\apotek_app\app\Controllers\Auth\AuthController.php(20): CodeIgniter\BaseModel->first()
#6 C:\laragon\www\apotek_app\system\CodeIgniter.php(933): App\Controllers\Auth\AuthController->MasukAdmin()
#7 C:\laragon\www\apotek_app\system\CodeIgniter.php(509): CodeIgniter\CodeIgniter->runController(Object(App\Controllers\Auth\AuthController))
#8 C:\laragon\www\apotek_app\system\CodeIgniter.php(355): CodeIgniter\CodeIgniter->handleRequest(NULL, Object(Config\Cache), false)
#9 C:\laragon\www\apotek_app\system\Boot.php(334): CodeIgniter\CodeIgniter->run()
#10 C:\laragon\www\apotek_app\system\Boot.php(67): CodeIgniter\Boot::runCodeIgniter(Object(CodeIgniter\CodeIgniter))
#11 C:\laragon\www\apotek_app\public\index.php(56): CodeIgniter\Boot::bootWeb(Object(Config\Paths))
#12 C:\laragon\www\apotek_app\system\rewrite.php(44): require_once('C:\\laragon\\www\\...')
#13 {main}
CRITICAL - 2025-03-29 06:24:56 --> CodeIgniter\Database\Exceptions\DatabaseException: Unable to connect to the database.
Main connection [MySQLi]: No connection could be made because the target machine actively refused it
[Method: POST, Route: AuthProses]
in SYSTEMPATH\Database\BaseConnection.php on line 467.
 1 SYSTEMPATH\Database\BaseConnection.php(616): CodeIgniter\Database\BaseConnection->initialize()
 2 SYSTEMPATH\Database\BaseBuilder.php(1644): CodeIgniter\Database\BaseConnection->query('SELECT *
FROM `pengguna`
WHERE `nama` = :nama:
 LIMIT 1', [...], false)
 3 SYSTEMPATH\Model.php(330): CodeIgniter\Database\BaseBuilder->get()
 4 SYSTEMPATH\BaseModel.php(713): CodeIgniter\Model->doFirst()
 5 APPPATH\Controllers\Auth\AuthController.php(20): CodeIgniter\BaseModel->first()
 6 SYSTEMPATH\CodeIgniter.php(933): App\Controllers\Auth\AuthController->MasukAdmin()
 7 SYSTEMPATH\CodeIgniter.php(509): CodeIgniter\CodeIgniter->runController(Object(App\Controllers\Auth\AuthController))
 8 SYSTEMPATH\CodeIgniter.php(355): CodeIgniter\CodeIgniter->handleRequest(null, Object(Config\Cache), false)
 9 SYSTEMPATH\Boot.php(334): CodeIgniter\CodeIgniter->run()
10 SYSTEMPATH\Boot.php(67): CodeIgniter\Boot::runCodeIgniter(Object(CodeIgniter\CodeIgniter))
11 FCPATH\index.php(56): CodeIgniter\Boot::bootWeb(Object(Config\Paths))
12 SYSTEMPATH\rewrite.php(44): require_once('C:\\laragon\\www\\apotek_app\\public\\index.php')
ERROR - 2025-03-29 06:25:03 --> Error connecting to the database: mysqli_sql_exception: No connection could be made because the target machine actively refused it in C:\laragon\www\apotek_app\system\Database\MySQLi\Connection.php:186
Stack trace:
#0 C:\laragon\www\apotek_app\system\Database\MySQLi\Connection.php(186): mysqli->real_connect('localhost', 'root', Object(SensitiveParameterValue), 'apoteker_base', 3306, '', 0)
#1 C:\laragon\www\apotek_app\system\Database\BaseConnection.php(421): CodeIgniter\Database\MySQLi\Connection->connect(false)
#2 C:\laragon\www\apotek_app\system\Database\BaseConnection.php(616): CodeIgniter\Database\BaseConnection->initialize()
#3 C:\laragon\www\apotek_app\system\Database\BaseBuilder.php(1644): CodeIgniter\Database\BaseConnection->query('SELECT *\nFROM `...', Array, false)
#4 C:\laragon\www\apotek_app\system\Model.php(330): CodeIgniter\Database\BaseBuilder->get()
#5 C:\laragon\www\apotek_app\system\BaseModel.php(713): CodeIgniter\Model->doFirst()
#6 C:\laragon\www\apotek_app\app\Controllers\Auth\AuthController.php(20): CodeIgniter\BaseModel->first()
#7 C:\laragon\www\apotek_app\system\CodeIgniter.php(933): App\Controllers\Auth\AuthController->MasukAdmin()
#8 C:\laragon\www\apotek_app\system\CodeIgniter.php(509): CodeIgniter\CodeIgniter->runController(Object(App\Controllers\Auth\AuthController))
#9 C:\laragon\www\apotek_app\system\CodeIgniter.php(355): CodeIgniter\CodeIgniter->handleRequest(NULL, Object(Config\Cache), false)
#10 C:\laragon\www\apotek_app\system\Boot.php(334): CodeIgniter\CodeIgniter->run()
#11 C:\laragon\www\apotek_app\system\Boot.php(67): CodeIgniter\Boot::runCodeIgniter(Object(CodeIgniter\CodeIgniter))
#12 C:\laragon\www\apotek_app\public\index.php(56): CodeIgniter\Boot::bootWeb(Object(Config\Paths))
#13 C:\laragon\www\apotek_app\system\rewrite.php(44): require_once('C:\\laragon\\www\\...')
#14 {main}

Next CodeIgniter\Database\Exceptions\DatabaseException: No connection could be made because the target machine actively refused it in C:\laragon\www\apotek_app\system\Database\MySQLi\Connection.php:231
Stack trace:
#0 C:\laragon\www\apotek_app\system\Database\BaseConnection.php(421): CodeIgniter\Database\MySQLi\Connection->connect(false)
#1 C:\laragon\www\apotek_app\system\Database\BaseConnection.php(616): CodeIgniter\Database\BaseConnection->initialize()
#2 C:\laragon\www\apotek_app\system\Database\BaseBuilder.php(1644): CodeIgniter\Database\BaseConnection->query('SELECT *\nFROM `...', Array, false)
#3 C:\laragon\www\apotek_app\system\Model.php(330): CodeIgniter\Database\BaseBuilder->get()
#4 C:\laragon\www\apotek_app\system\BaseModel.php(713): CodeIgniter\Model->doFirst()
#5 C:\laragon\www\apotek_app\app\Controllers\Auth\AuthController.php(20): CodeIgniter\BaseModel->first()
#6 C:\laragon\www\apotek_app\system\CodeIgniter.php(933): App\Controllers\Auth\AuthController->MasukAdmin()
#7 C:\laragon\www\apotek_app\system\CodeIgniter.php(509): CodeIgniter\CodeIgniter->runController(Object(App\Controllers\Auth\AuthController))
#8 C:\laragon\www\apotek_app\system\CodeIgniter.php(355): CodeIgniter\CodeIgniter->handleRequest(NULL, Object(Config\Cache), false)
#9 C:\laragon\www\apotek_app\system\Boot.php(334): CodeIgniter\CodeIgniter->run()
#10 C:\laragon\www\apotek_app\system\Boot.php(67): CodeIgniter\Boot::runCodeIgniter(Object(CodeIgniter\CodeIgniter))
#11 C:\laragon\www\apotek_app\public\index.php(56): CodeIgniter\Boot::bootWeb(Object(Config\Paths))
#12 C:\laragon\www\apotek_app\system\rewrite.php(44): require_once('C:\\laragon\\www\\...')
#13 {main}
CRITICAL - 2025-03-29 06:25:03 --> CodeIgniter\Database\Exceptions\DatabaseException: Unable to connect to the database.
Main connection [MySQLi]: No connection could be made because the target machine actively refused it
[Method: POST, Route: AuthProses]
in SYSTEMPATH\Database\BaseConnection.php on line 467.
 1 SYSTEMPATH\Database\BaseConnection.php(616): CodeIgniter\Database\BaseConnection->initialize()
 2 SYSTEMPATH\Database\BaseBuilder.php(1644): CodeIgniter\Database\BaseConnection->query('SELECT *
FROM `pengguna`
WHERE `nama` = :nama:
 LIMIT 1', [...], false)
 3 SYSTEMPATH\Model.php(330): CodeIgniter\Database\BaseBuilder->get()
 4 SYSTEMPATH\BaseModel.php(713): CodeIgniter\Model->doFirst()
 5 APPPATH\Controllers\Auth\AuthController.php(20): CodeIgniter\BaseModel->first()
 6 SYSTEMPATH\CodeIgniter.php(933): App\Controllers\Auth\AuthController->MasukAdmin()
 7 SYSTEMPATH\CodeIgniter.php(509): CodeIgniter\CodeIgniter->runController(Object(App\Controllers\Auth\AuthController))
 8 SYSTEMPATH\CodeIgniter.php(355): CodeIgniter\CodeIgniter->handleRequest(null, Object(Config\Cache), false)
 9 SYSTEMPATH\Boot.php(334): CodeIgniter\CodeIgniter->run()
10 SYSTEMPATH\Boot.php(67): CodeIgniter\Boot::runCodeIgniter(Object(CodeIgniter\CodeIgniter))
11 FCPATH\index.php(56): CodeIgniter\Boot::bootWeb(Object(Config\Paths))
12 SYSTEMPATH\rewrite.php(44): require_once('C:\\laragon\\www\\apotek_app\\public\\index.php')
CRITICAL - 2025-03-29 13:11:53 --> ErrorException: Undefined array key "akses"
[Method: GET, Route: data_supplier]
in APPPATH\Views\admin\components\sidebar.php on line 83.
 1 APPPATH\Views\admin\components\sidebar.php(83): CodeIgniter\Debug\Exceptions->errorHandler(2, 'Undefined array key "akses"', 'C:\\laragon\\www\\apotek_app\\app\\Views\\admin\\components\\sidebar.php', 83)
 2 SYSTEMPATH\View\View.php(234): include('C:\\laragon\\www\\apotek_app\\app\\Views\\admin\\components\\sidebar.php')
 3 SYSTEMPATH\View\View.php(237): CodeIgniter\View\View->CodeIgniter\View\{closure}()
 4 SYSTEMPATH\Common.php(1171): CodeIgniter\View\View->render('admin/components/sidebar', [], true)
 5 APPPATH\Views\admin\pages\DataSupplier.php(16): view('admin/components/sidebar')
 6 SYSTEMPATH\View\View.php(234): include('C:\\laragon\\www\\apotek_app\\app\\Views\\admin\\pages\\DataSupplier.php')
 7 SYSTEMPATH\View\View.php(237): CodeIgniter\View\View->CodeIgniter\View\{closure}()
 8 SYSTEMPATH\Common.php(1171): CodeIgniter\View\View->render('admin/pages/DataSupplier', [], true)
 9 APPPATH\Controllers\Admin\data_supplier\DspController.php(11): view('admin/pages/DataSupplier')
10 SYSTEMPATH\CodeIgniter.php(933): App\Controllers\Admin\data_supplier\DspController->index()
11 SYSTEMPATH\CodeIgniter.php(509): CodeIgniter\CodeIgniter->runController(Object(App\Controllers\Admin\data_supplier\DspController))
12 SYSTEMPATH\CodeIgniter.php(355): CodeIgniter\CodeIgniter->handleRequest(null, Object(Config\Cache), false)
13 SYSTEMPATH\Boot.php(334): CodeIgniter\CodeIgniter->run()
14 SYSTEMPATH\Boot.php(67): CodeIgniter\Boot::runCodeIgniter(Object(CodeIgniter\CodeIgniter))
15 FCPATH\index.php(56): CodeIgniter\Boot::bootWeb(Object(Config\Paths))
16 SYSTEMPATH\rewrite.php(44): require_once('C:\\laragon\\www\\apotek_app\\public\\index.php')
CRITICAL - 2025-03-29 13:11:54 --> ErrorException: Undefined array key "akses"
[Method: GET, Route: data_supplier]
in APPPATH\Views\admin\components\sidebar.php on line 83.
 1 APPPATH\Views\admin\components\sidebar.php(83): CodeIgniter\Debug\Exceptions->errorHandler(2, 'Undefined array key "akses"', 'C:\\laragon\\www\\apotek_app\\app\\Views\\admin\\components\\sidebar.php', 83)
 2 SYSTEMPATH\View\View.php(234): include('C:\\laragon\\www\\apotek_app\\app\\Views\\admin\\components\\sidebar.php')
 3 SYSTEMPATH\View\View.php(237): CodeIgniter\View\View->CodeIgniter\View\{closure}()
 4 SYSTEMPATH\Common.php(1171): CodeIgniter\View\View->render('admin/components/sidebar', [], true)
 5 APPPATH\Views\admin\pages\DataSupplier.php(16): view('admin/components/sidebar')
 6 SYSTEMPATH\View\View.php(234): include('C:\\laragon\\www\\apotek_app\\app\\Views\\admin\\pages\\DataSupplier.php')
 7 SYSTEMPATH\View\View.php(237): CodeIgniter\View\View->CodeIgniter\View\{closure}()
 8 SYSTEMPATH\Common.php(1171): CodeIgniter\View\View->render('admin/pages/DataSupplier', [], true)
 9 APPPATH\Controllers\Admin\data_supplier\DspController.php(11): view('admin/pages/DataSupplier')
10 SYSTEMPATH\CodeIgniter.php(933): App\Controllers\Admin\data_supplier\DspController->index()
11 SYSTEMPATH\CodeIgniter.php(509): CodeIgniter\CodeIgniter->runController(Object(App\Controllers\Admin\data_supplier\DspController))
12 SYSTEMPATH\CodeIgniter.php(355): CodeIgniter\CodeIgniter->handleRequest(null, Object(Config\Cache), false)
13 SYSTEMPATH\Boot.php(334): CodeIgniter\CodeIgniter->run()
14 SYSTEMPATH\Boot.php(67): CodeIgniter\Boot::runCodeIgniter(Object(CodeIgniter\CodeIgniter))
15 FCPATH\index.php(56): CodeIgniter\Boot::bootWeb(Object(Config\Paths))
16 SYSTEMPATH\rewrite.php(44): require_once('C:\\laragon\\www\\apotek_app\\public\\index.php')
CRITICAL - 2025-03-29 13:12:02 --> ErrorException: Undefined array key "akses"
[Method: GET, Route: data_supplier]
in APPPATH\Views\admin\components\sidebar.php on line 83.
 1 APPPATH\Views\admin\components\sidebar.php(83): CodeIgniter\Debug\Exceptions->errorHandler(2, 'Undefined array key "akses"', 'C:\\laragon\\www\\apotek_app\\app\\Views\\admin\\components\\sidebar.php', 83)
 2 SYSTEMPATH\View\View.php(234): include('C:\\laragon\\www\\apotek_app\\app\\Views\\admin\\components\\sidebar.php')
 3 SYSTEMPATH\View\View.php(237): CodeIgniter\View\View->CodeIgniter\View\{closure}()
 4 SYSTEMPATH\Common.php(1171): CodeIgniter\View\View->render('admin/components/sidebar', [], true)
 5 APPPATH\Views\admin\pages\DataSupplier.php(16): view('admin/components/sidebar')
 6 SYSTEMPATH\View\View.php(234): include('C:\\laragon\\www\\apotek_app\\app\\Views\\admin\\pages\\DataSupplier.php')
 7 SYSTEMPATH\View\View.php(237): CodeIgniter\View\View->CodeIgniter\View\{closure}()
 8 SYSTEMPATH\Common.php(1171): CodeIgniter\View\View->render('admin/pages/DataSupplier', [], true)
 9 APPPATH\Controllers\Admin\data_supplier\DspController.php(11): view('admin/pages/DataSupplier')
10 SYSTEMPATH\CodeIgniter.php(933): App\Controllers\Admin\data_supplier\DspController->index()
11 SYSTEMPATH\CodeIgniter.php(509): CodeIgniter\CodeIgniter->runController(Object(App\Controllers\Admin\data_supplier\DspController))
12 SYSTEMPATH\CodeIgniter.php(355): CodeIgniter\CodeIgniter->handleRequest(null, Object(Config\Cache), false)
13 SYSTEMPATH\Boot.php(334): CodeIgniter\CodeIgniter->run()
14 SYSTEMPATH\Boot.php(67): CodeIgniter\Boot::runCodeIgniter(Object(CodeIgniter\CodeIgniter))
15 FCPATH\index.php(56): CodeIgniter\Boot::bootWeb(Object(Config\Paths))
16 SYSTEMPATH\rewrite.php(44): require_once('C:\\laragon\\www\\apotek_app\\public\\index.php')
CRITICAL - 2025-03-29 13:12:05 --> ErrorException: Undefined array key "akses"
[Method: GET, Route: data_obat]
in APPPATH\Views\admin\components\sidebar.php on line 83.
 1 APPPATH\Views\admin\components\sidebar.php(83): CodeIgniter\Debug\Exceptions->errorHandler(2, 'Undefined array key "akses"', 'C:\\laragon\\www\\apotek_app\\app\\Views\\admin\\components\\sidebar.php', 83)
 2 SYSTEMPATH\View\View.php(234): include('C:\\laragon\\www\\apotek_app\\app\\Views\\admin\\components\\sidebar.php')
 3 SYSTEMPATH\View\View.php(237): CodeIgniter\View\View->CodeIgniter\View\{closure}()
 4 SYSTEMPATH\Common.php(1171): CodeIgniter\View\View->render('admin/components/sidebar', [], true)
 5 APPPATH\Views\admin\pages\DataObat.php(16): view('admin/components/sidebar')
 6 SYSTEMPATH\View\View.php(234): include('C:\\laragon\\www\\apotek_app\\app\\Views\\admin\\pages\\DataObat.php')
 7 SYSTEMPATH\View\View.php(237): CodeIgniter\View\View->CodeIgniter\View\{closure}()
 8 SYSTEMPATH\Common.php(1171): CodeIgniter\View\View->render('admin/pages/DataObat', [], true)
 9 APPPATH\Controllers\Admin\data_obat\DtoController.php(11): view('admin/pages/DataObat')
10 SYSTEMPATH\CodeIgniter.php(933): App\Controllers\Admin\data_obat\DtoController->index()
11 SYSTEMPATH\CodeIgniter.php(509): CodeIgniter\CodeIgniter->runController(Object(App\Controllers\Admin\data_obat\DtoController))
12 SYSTEMPATH\CodeIgniter.php(355): CodeIgniter\CodeIgniter->handleRequest(null, Object(Config\Cache), false)
13 SYSTEMPATH\Boot.php(334): CodeIgniter\CodeIgniter->run()
14 SYSTEMPATH\Boot.php(67): CodeIgniter\Boot::runCodeIgniter(Object(CodeIgniter\CodeIgniter))
15 FCPATH\index.php(56): CodeIgniter\Boot::bootWeb(Object(Config\Paths))
16 SYSTEMPATH\rewrite.php(44): require_once('C:\\laragon\\www\\apotek_app\\public\\index.php')
CRITICAL - 2025-03-29 13:12:06 --> ErrorException: Undefined array key "akses"
[Method: GET, Route: data_supplier]
in APPPATH\Views\admin\components\sidebar.php on line 83.
 1 APPPATH\Views\admin\components\sidebar.php(83): CodeIgniter\Debug\Exceptions->errorHandler(2, 'Undefined array key "akses"', 'C:\\laragon\\www\\apotek_app\\app\\Views\\admin\\components\\sidebar.php', 83)
 2 SYSTEMPATH\View\View.php(234): include('C:\\laragon\\www\\apotek_app\\app\\Views\\admin\\components\\sidebar.php')
 3 SYSTEMPATH\View\View.php(237): CodeIgniter\View\View->CodeIgniter\View\{closure}()
 4 SYSTEMPATH\Common.php(1171): CodeIgniter\View\View->render('admin/components/sidebar', [], true)
 5 APPPATH\Views\admin\pages\DataSupplier.php(16): view('admin/components/sidebar')
 6 SYSTEMPATH\View\View.php(234): include('C:\\laragon\\www\\apotek_app\\app\\Views\\admin\\pages\\DataSupplier.php')
 7 SYSTEMPATH\View\View.php(237): CodeIgniter\View\View->CodeIgniter\View\{closure}()
 8 SYSTEMPATH\Common.php(1171): CodeIgniter\View\View->render('admin/pages/DataSupplier', [], true)
 9 APPPATH\Controllers\Admin\data_supplier\DspController.php(11): view('admin/pages/DataSupplier')
10 SYSTEMPATH\CodeIgniter.php(933): App\Controllers\Admin\data_supplier\DspController->index()
11 SYSTEMPATH\CodeIgniter.php(509): CodeIgniter\CodeIgniter->runController(Object(App\Controllers\Admin\data_supplier\DspController))
12 SYSTEMPATH\CodeIgniter.php(355): CodeIgniter\CodeIgniter->handleRequest(null, Object(Config\Cache), false)
13 SYSTEMPATH\Boot.php(334): CodeIgniter\CodeIgniter->run()
14 SYSTEMPATH\Boot.php(67): CodeIgniter\Boot::runCodeIgniter(Object(CodeIgniter\CodeIgniter))
15 FCPATH\index.php(56): CodeIgniter\Boot::bootWeb(Object(Config\Paths))
16 SYSTEMPATH\rewrite.php(44): require_once('C:\\laragon\\www\\apotek_app\\public\\index.php')
CRITICAL - 2025-03-29 13:12:07 --> ErrorException: Undefined array key "akses"
[Method: GET, Route: data_obat]
in APPPATH\Views\admin\components\sidebar.php on line 83.
 1 APPPATH\Views\admin\components\sidebar.php(83): CodeIgniter\Debug\Exceptions->errorHandler(2, 'Undefined array key "akses"', 'C:\\laragon\\www\\apotek_app\\app\\Views\\admin\\components\\sidebar.php', 83)
 2 SYSTEMPATH\View\View.php(234): include('C:\\laragon\\www\\apotek_app\\app\\Views\\admin\\components\\sidebar.php')
 3 SYSTEMPATH\View\View.php(237): CodeIgniter\View\View->CodeIgniter\View\{closure}()
 4 SYSTEMPATH\Common.php(1171): CodeIgniter\View\View->render('admin/components/sidebar', [], true)
 5 APPPATH\Views\admin\pages\DataObat.php(16): view('admin/components/sidebar')
 6 SYSTEMPATH\View\View.php(234): include('C:\\laragon\\www\\apotek_app\\app\\Views\\admin\\pages\\DataObat.php')
 7 SYSTEMPATH\View\View.php(237): CodeIgniter\View\View->CodeIgniter\View\{closure}()
 8 SYSTEMPATH\Common.php(1171): CodeIgniter\View\View->render('admin/pages/DataObat', [], true)
 9 APPPATH\Controllers\Admin\data_obat\DtoController.php(11): view('admin/pages/DataObat')
10 SYSTEMPATH\CodeIgniter.php(933): App\Controllers\Admin\data_obat\DtoController->index()
11 SYSTEMPATH\CodeIgniter.php(509): CodeIgniter\CodeIgniter->runController(Object(App\Controllers\Admin\data_obat\DtoController))
12 SYSTEMPATH\CodeIgniter.php(355): CodeIgniter\CodeIgniter->handleRequest(null, Object(Config\Cache), false)
13 SYSTEMPATH\Boot.php(334): CodeIgniter\CodeIgniter->run()
14 SYSTEMPATH\Boot.php(67): CodeIgniter\Boot::runCodeIgniter(Object(CodeIgniter\CodeIgniter))
15 FCPATH\index.php(56): CodeIgniter\Boot::bootWeb(Object(Config\Paths))
16 SYSTEMPATH\rewrite.php(44): require_once('C:\\laragon\\www\\apotek_app\\public\\index.php')
CRITICAL - 2025-03-29 13:12:07 --> ErrorException: Undefined array key "akses"
[Method: GET, Route: data_supplier]
in APPPATH\Views\admin\components\sidebar.php on line 83.
 1 APPPATH\Views\admin\components\sidebar.php(83): CodeIgniter\Debug\Exceptions->errorHandler(2, 'Undefined array key "akses"', 'C:\\laragon\\www\\apotek_app\\app\\Views\\admin\\components\\sidebar.php', 83)
 2 SYSTEMPATH\View\View.php(234): include('C:\\laragon\\www\\apotek_app\\app\\Views\\admin\\components\\sidebar.php')
 3 SYSTEMPATH\View\View.php(237): CodeIgniter\View\View->CodeIgniter\View\{closure}()
 4 SYSTEMPATH\Common.php(1171): CodeIgniter\View\View->render('admin/components/sidebar', [], true)
 5 APPPATH\Views\admin\pages\DataSupplier.php(16): view('admin/components/sidebar')
 6 SYSTEMPATH\View\View.php(234): include('C:\\laragon\\www\\apotek_app\\app\\Views\\admin\\pages\\DataSupplier.php')
 7 SYSTEMPATH\View\View.php(237): CodeIgniter\View\View->CodeIgniter\View\{closure}()
 8 SYSTEMPATH\Common.php(1171): CodeIgniter\View\View->render('admin/pages/DataSupplier', [], true)
 9 APPPATH\Controllers\Admin\data_supplier\DspController.php(11): view('admin/pages/DataSupplier')
10 SYSTEMPATH\CodeIgniter.php(933): App\Controllers\Admin\data_supplier\DspController->index()
11 SYSTEMPATH\CodeIgniter.php(509): CodeIgniter\CodeIgniter->runController(Object(App\Controllers\Admin\data_supplier\DspController))
12 SYSTEMPATH\CodeIgniter.php(355): CodeIgniter\CodeIgniter->handleRequest(null, Object(Config\Cache), false)
13 SYSTEMPATH\Boot.php(334): CodeIgniter\CodeIgniter->run()
14 SYSTEMPATH\Boot.php(67): CodeIgniter\Boot::runCodeIgniter(Object(CodeIgniter\CodeIgniter))
15 FCPATH\index.php(56): CodeIgniter\Boot::bootWeb(Object(Config\Paths))
16 SYSTEMPATH\rewrite.php(44): require_once('C:\\laragon\\www\\apotek_app\\public\\index.php')
CRITICAL - 2025-03-29 15:20:35 --> ErrorException: foreach() argument must be of type array|object, string given
[Method: GET, Route: data_supplier]
in APPPATH\Views\admin\components\data_supplier\content_body.php on line 15.
 1 APPPATH\Views\admin\components\data_supplier\content_body.php(15): CodeIgniter\Debug\Exceptions->errorHandler(2, 'foreach() argument must be of type array|object, string given', 'C:\\laragon\\www\\apotek_app\\app\\Views\\admin\\components\\data_supplier\\content_body.php', 15)
 2 SYSTEMPATH\View\View.php(234): include('C:\\laragon\\www\\apotek_app\\app\\Views\\admin\\components\\data_supplier\\content_body.php')
 3 SYSTEMPATH\View\View.php(237): CodeIgniter\View\View->CodeIgniter\View\{closure}()
 4 SYSTEMPATH\Common.php(1171): CodeIgniter\View\View->render('admin/components/data_supplier/content_body', [], true)
 5 APPPATH\Views\admin\pages\DataSupplier.php(30): view('admin/components/data_supplier/content_body')
 6 SYSTEMPATH\View\View.php(234): include('C:\\laragon\\www\\apotek_app\\app\\Views\\admin\\pages\\DataSupplier.php')
 7 SYSTEMPATH\View\View.php(237): CodeIgniter\View\View->CodeIgniter\View\{closure}()
 8 SYSTEMPATH\Common.php(1171): CodeIgniter\View\View->render('admin/pages/DataSupplier', [], true)
 9 APPPATH\Controllers\Admin\data_supplier\DspController.php(12): view('admin/pages/DataSupplier')
10 SYSTEMPATH\CodeIgniter.php(933): App\Controllers\Admin\data_supplier\DspController->index()
11 SYSTEMPATH\CodeIgniter.php(509): CodeIgniter\CodeIgniter->runController(Object(App\Controllers\Admin\data_supplier\DspController))
12 SYSTEMPATH\CodeIgniter.php(355): CodeIgniter\CodeIgniter->handleRequest(null, Object(Config\Cache), false)
13 SYSTEMPATH\Boot.php(334): CodeIgniter\CodeIgniter->run()
14 SYSTEMPATH\Boot.php(67): CodeIgniter\Boot::runCodeIgniter(Object(CodeIgniter\CodeIgniter))
15 FCPATH\index.php(56): CodeIgniter\Boot::bootWeb(Object(Config\Paths))
16 SYSTEMPATH\rewrite.php(44): require_once('C:\\laragon\\www\\apotek_app\\public\\index.php')
CRITICAL - 2025-03-29 15:25:42 --> ErrorException: Undefined array key "nama-penyedia"
[Method: GET, Route: data_supplier]
in APPPATH\Views\admin\components\data_supplier\content_body.php on line 60.
 1 APPPATH\Views\admin\components\data_supplier\content_body.php(60): CodeIgniter\Debug\Exceptions->errorHandler(2, 'Undefined array key "nama-penyedia"', 'C:\\laragon\\www\\apotek_app\\app\\Views\\admin\\components\\data_supplier\\content_body.php', 60)
 2 SYSTEMPATH\View\View.php(234): include('C:\\laragon\\www\\apotek_app\\app\\Views\\admin\\components\\data_supplier\\content_body.php')
 3 SYSTEMPATH\View\View.php(237): CodeIgniter\View\View->CodeIgniter\View\{closure}()
 4 SYSTEMPATH\Common.php(1171): CodeIgniter\View\View->render('admin/components/data_supplier/content_body', [], true)
 5 APPPATH\Views\admin\pages\DataSupplier.php(30): view('admin/components/data_supplier/content_body')
 6 SYSTEMPATH\View\View.php(234): include('C:\\laragon\\www\\apotek_app\\app\\Views\\admin\\pages\\DataSupplier.php')
 7 SYSTEMPATH\View\View.php(237): CodeIgniter\View\View->CodeIgniter\View\{closure}()
 8 SYSTEMPATH\Common.php(1171): CodeIgniter\View\View->render('admin/pages/DataSupplier', [], true)
 9 APPPATH\Controllers\Admin\data_supplier\DspController.php(14): view('admin/pages/DataSupplier', [...])
10 SYSTEMPATH\CodeIgniter.php(933): App\Controllers\Admin\data_supplier\DspController->index()
11 SYSTEMPATH\CodeIgniter.php(509): CodeIgniter\CodeIgniter->runController(Object(App\Controllers\Admin\data_supplier\DspController))
12 SYSTEMPATH\CodeIgniter.php(355): CodeIgniter\CodeIgniter->handleRequest(null, Object(Config\Cache), false)
13 SYSTEMPATH\Boot.php(334): CodeIgniter\CodeIgniter->run()
14 SYSTEMPATH\Boot.php(67): CodeIgniter\Boot::runCodeIgniter(Object(CodeIgniter\CodeIgniter))
15 FCPATH\index.php(56): CodeIgniter\Boot::bootWeb(Object(Config\Paths))
16 SYSTEMPATH\rewrite.php(44): require_once('C:\\laragon\\www\\apotek_app\\public\\index.php')
CRITICAL - 2025-03-29 15:26:31 --> ErrorException: Undefined array key "nama-penyedia"
[Method: GET, Route: data_supplier]
in APPPATH\Views\admin\components\data_supplier\content_body.php on line 60.
 1 APPPATH\Views\admin\components\data_supplier\content_body.php(60): CodeIgniter\Debug\Exceptions->errorHandler(2, 'Undefined array key "nama-penyedia"', 'C:\\laragon\\www\\apotek_app\\app\\Views\\admin\\components\\data_supplier\\content_body.php', 60)
 2 SYSTEMPATH\View\View.php(234): include('C:\\laragon\\www\\apotek_app\\app\\Views\\admin\\components\\data_supplier\\content_body.php')
 3 SYSTEMPATH\View\View.php(237): CodeIgniter\View\View->CodeIgniter\View\{closure}()
 4 SYSTEMPATH\Common.php(1171): CodeIgniter\View\View->render('admin/components/data_supplier/content_body', [], true)
 5 APPPATH\Views\admin\pages\DataSupplier.php(30): view('admin/components/data_supplier/content_body')
 6 SYSTEMPATH\View\View.php(234): include('C:\\laragon\\www\\apotek_app\\app\\Views\\admin\\pages\\DataSupplier.php')
 7 SYSTEMPATH\View\View.php(237): CodeIgniter\View\View->CodeIgniter\View\{closure}()
 8 SYSTEMPATH\Common.php(1171): CodeIgniter\View\View->render('admin/pages/DataSupplier', [], true)
 9 APPPATH\Controllers\Admin\data_supplier\DspController.php(14): view('admin/pages/DataSupplier', [...])
10 SYSTEMPATH\CodeIgniter.php(933): App\Controllers\Admin\data_supplier\DspController->index()
11 SYSTEMPATH\CodeIgniter.php(509): CodeIgniter\CodeIgniter->runController(Object(App\Controllers\Admin\data_supplier\DspController))
12 SYSTEMPATH\CodeIgniter.php(355): CodeIgniter\CodeIgniter->handleRequest(null, Object(Config\Cache), false)
13 SYSTEMPATH\Boot.php(334): CodeIgniter\CodeIgniter->run()
14 SYSTEMPATH\Boot.php(67): CodeIgniter\Boot::runCodeIgniter(Object(CodeIgniter\CodeIgniter))
15 FCPATH\index.php(56): CodeIgniter\Boot::bootWeb(Object(Config\Paths))
16 SYSTEMPATH\rewrite.php(44): require_once('C:\\laragon\\www\\apotek_app\\public\\index.php')
CRITICAL - 2025-03-29 15:26:33 --> ErrorException: Undefined array key "nama-penyedia"
[Method: GET, Route: data_supplier]
in APPPATH\Views\admin\components\data_supplier\content_body.php on line 60.
 1 APPPATH\Views\admin\components\data_supplier\content_body.php(60): CodeIgniter\Debug\Exceptions->errorHandler(2, 'Undefined array key "nama-penyedia"', 'C:\\laragon\\www\\apotek_app\\app\\Views\\admin\\components\\data_supplier\\content_body.php', 60)
 2 SYSTEMPATH\View\View.php(234): include('C:\\laragon\\www\\apotek_app\\app\\Views\\admin\\components\\data_supplier\\content_body.php')
 3 SYSTEMPATH\View\View.php(237): CodeIgniter\View\View->CodeIgniter\View\{closure}()
 4 SYSTEMPATH\Common.php(1171): CodeIgniter\View\View->render('admin/components/data_supplier/content_body', [], true)
 5 APPPATH\Views\admin\pages\DataSupplier.php(30): view('admin/components/data_supplier/content_body')
 6 SYSTEMPATH\View\View.php(234): include('C:\\laragon\\www\\apotek_app\\app\\Views\\admin\\pages\\DataSupplier.php')
 7 SYSTEMPATH\View\View.php(237): CodeIgniter\View\View->CodeIgniter\View\{closure}()
 8 SYSTEMPATH\Common.php(1171): CodeIgniter\View\View->render('admin/pages/DataSupplier', [], true)
 9 APPPATH\Controllers\Admin\data_supplier\DspController.php(14): view('admin/pages/DataSupplier', [...])
10 SYSTEMPATH\CodeIgniter.php(933): App\Controllers\Admin\data_supplier\DspController->index()
11 SYSTEMPATH\CodeIgniter.php(509): CodeIgniter\CodeIgniter->runController(Object(App\Controllers\Admin\data_supplier\DspController))
12 SYSTEMPATH\CodeIgniter.php(355): CodeIgniter\CodeIgniter->handleRequest(null, Object(Config\Cache), false)
13 SYSTEMPATH\Boot.php(334): CodeIgniter\CodeIgniter->run()
14 SYSTEMPATH\Boot.php(67): CodeIgniter\Boot::runCodeIgniter(Object(CodeIgniter\CodeIgniter))
15 FCPATH\index.php(56): CodeIgniter\Boot::bootWeb(Object(Config\Paths))
16 SYSTEMPATH\rewrite.php(44): require_once('C:\\laragon\\www\\apotek_app\\public\\index.php')
CRITICAL - 2025-03-29 15:31:18 --> Error: Call to undefined function tanggal_indo()
[Method: GET, Route: data_supplier]
in APPPATH\Views\admin\components\data_supplier\content_body.php on line 64.
 1 SYSTEMPATH\View\View.php(234): include()
 2 SYSTEMPATH\View\View.php(237): CodeIgniter\View\View->CodeIgniter\View\{closure}()
 3 SYSTEMPATH\Common.php(1171): CodeIgniter\View\View->render('admin/components/data_supplier/content_body', [], true)
 4 APPPATH\Views\admin\pages\DataSupplier.php(30): view('admin/components/data_supplier/content_body')
 5 SYSTEMPATH\View\View.php(234): include('C:\\laragon\\www\\apotek_app\\app\\Views\\admin\\pages\\DataSupplier.php')
 6 SYSTEMPATH\View\View.php(237): CodeIgniter\View\View->CodeIgniter\View\{closure}()
 7 SYSTEMPATH\Common.php(1171): CodeIgniter\View\View->render('admin/pages/DataSupplier', [], true)
 8 APPPATH\Controllers\Admin\data_supplier\DspController.php(14): view('admin/pages/DataSupplier', [...])
 9 SYSTEMPATH\CodeIgniter.php(933): App\Controllers\Admin\data_supplier\DspController->index()
10 SYSTEMPATH\CodeIgniter.php(509): CodeIgniter\CodeIgniter->runController(Object(App\Controllers\Admin\data_supplier\DspController))
11 SYSTEMPATH\CodeIgniter.php(355): CodeIgniter\CodeIgniter->handleRequest(null, Object(Config\Cache), false)
12 SYSTEMPATH\Boot.php(334): CodeIgniter\CodeIgniter->run()
13 SYSTEMPATH\Boot.php(67): CodeIgniter\Boot::runCodeIgniter(Object(CodeIgniter\CodeIgniter))
14 FCPATH\index.php(56): CodeIgniter\Boot::bootWeb(Object(Config\Paths))
15 SYSTEMPATH\rewrite.php(44): require_once('C:\\laragon\\www\\apotek_app\\public\\index.php')
CRITICAL - 2025-03-29 15:31:20 --> Error: Call to undefined function tanggal_indo()
[Method: GET, Route: data_supplier]
in APPPATH\Views\admin\components\data_supplier\content_body.php on line 64.
 1 SYSTEMPATH\View\View.php(234): include()
 2 SYSTEMPATH\View\View.php(237): CodeIgniter\View\View->CodeIgniter\View\{closure}()
 3 SYSTEMPATH\Common.php(1171): CodeIgniter\View\View->render('admin/components/data_supplier/content_body', [], true)
 4 APPPATH\Views\admin\pages\DataSupplier.php(30): view('admin/components/data_supplier/content_body')
 5 SYSTEMPATH\View\View.php(234): include('C:\\laragon\\www\\apotek_app\\app\\Views\\admin\\pages\\DataSupplier.php')
 6 SYSTEMPATH\View\View.php(237): CodeIgniter\View\View->CodeIgniter\View\{closure}()
 7 SYSTEMPATH\Common.php(1171): CodeIgniter\View\View->render('admin/pages/DataSupplier', [], true)
 8 APPPATH\Controllers\Admin\data_supplier\DspController.php(14): view('admin/pages/DataSupplier', [...])
 9 SYSTEMPATH\CodeIgniter.php(933): App\Controllers\Admin\data_supplier\DspController->index()
10 SYSTEMPATH\CodeIgniter.php(509): CodeIgniter\CodeIgniter->runController(Object(App\Controllers\Admin\data_supplier\DspController))
11 SYSTEMPATH\CodeIgniter.php(355): CodeIgniter\CodeIgniter->handleRequest(null, Object(Config\Cache), false)
12 SYSTEMPATH\Boot.php(334): CodeIgniter\CodeIgniter->run()
13 SYSTEMPATH\Boot.php(67): CodeIgniter\Boot::runCodeIgniter(Object(CodeIgniter\CodeIgniter))
14 FCPATH\index.php(56): CodeIgniter\Boot::bootWeb(Object(Config\Paths))
15 SYSTEMPATH\rewrite.php(44): require_once('C:\\laragon\\www\\apotek_app\\public\\index.php')
CRITICAL - 2025-03-29 15:31:59 --> Error: Call to undefined function tanggal_indo()
[Method: GET, Route: data_supplier]
in APPPATH\Views\admin\components\data_supplier\content_body.php on line 64.
 1 SYSTEMPATH\View\View.php(234): include()
 2 SYSTEMPATH\View\View.php(237): CodeIgniter\View\View->CodeIgniter\View\{closure}()
 3 SYSTEMPATH\Common.php(1171): CodeIgniter\View\View->render('admin/components/data_supplier/content_body', [], true)
 4 APPPATH\Views\admin\pages\DataSupplier.php(30): view('admin/components/data_supplier/content_body')
 5 SYSTEMPATH\View\View.php(234): include('C:\\laragon\\www\\apotek_app\\app\\Views\\admin\\pages\\DataSupplier.php')
 6 SYSTEMPATH\View\View.php(237): CodeIgniter\View\View->CodeIgniter\View\{closure}()
 7 SYSTEMPATH\Common.php(1171): CodeIgniter\View\View->render('admin/pages/DataSupplier', [], true)
 8 APPPATH\Controllers\Admin\data_supplier\DspController.php(15): view('admin/pages/DataSupplier', [...])
 9 SYSTEMPATH\CodeIgniter.php(933): App\Controllers\Admin\data_supplier\DspController->index()
10 SYSTEMPATH\CodeIgniter.php(509): CodeIgniter\CodeIgniter->runController(Object(App\Controllers\Admin\data_supplier\DspController))
11 SYSTEMPATH\CodeIgniter.php(355): CodeIgniter\CodeIgniter->handleRequest(null, Object(Config\Cache), false)
12 SYSTEMPATH\Boot.php(334): CodeIgniter\CodeIgniter->run()
13 SYSTEMPATH\Boot.php(67): CodeIgniter\Boot::runCodeIgniter(Object(CodeIgniter\CodeIgniter))
14 FCPATH\index.php(56): CodeIgniter\Boot::bootWeb(Object(Config\Paths))
15 SYSTEMPATH\rewrite.php(44): require_once('C:\\laragon\\www\\apotek_app\\public\\index.php')
CRITICAL - 2025-03-29 15:32:01 --> Error: Call to undefined function tanggal_indo()
[Method: GET, Route: data_supplier]
in APPPATH\Views\admin\components\data_supplier\content_body.php on line 64.
 1 SYSTEMPATH\View\View.php(234): include()
 2 SYSTEMPATH\View\View.php(237): CodeIgniter\View\View->CodeIgniter\View\{closure}()
 3 SYSTEMPATH\Common.php(1171): CodeIgniter\View\View->render('admin/components/data_supplier/content_body', [], true)
 4 APPPATH\Views\admin\pages\DataSupplier.php(30): view('admin/components/data_supplier/content_body')
 5 SYSTEMPATH\View\View.php(234): include('C:\\laragon\\www\\apotek_app\\app\\Views\\admin\\pages\\DataSupplier.php')
 6 SYSTEMPATH\View\View.php(237): CodeIgniter\View\View->CodeIgniter\View\{closure}()
 7 SYSTEMPATH\Common.php(1171): CodeIgniter\View\View->render('admin/pages/DataSupplier', [], true)
 8 APPPATH\Controllers\Admin\data_supplier\DspController.php(15): view('admin/pages/DataSupplier', [...])
 9 SYSTEMPATH\CodeIgniter.php(933): App\Controllers\Admin\data_supplier\DspController->index()
10 SYSTEMPATH\CodeIgniter.php(509): CodeIgniter\CodeIgniter->runController(Object(App\Controllers\Admin\data_supplier\DspController))
11 SYSTEMPATH\CodeIgniter.php(355): CodeIgniter\CodeIgniter->handleRequest(null, Object(Config\Cache), false)
12 SYSTEMPATH\Boot.php(334): CodeIgniter\CodeIgniter->run()
13 SYSTEMPATH\Boot.php(67): CodeIgniter\Boot::runCodeIgniter(Object(CodeIgniter\CodeIgniter))
14 FCPATH\index.php(56): CodeIgniter\Boot::bootWeb(Object(Config\Paths))
15 SYSTEMPATH\rewrite.php(44): require_once('C:\\laragon\\www\\apotek_app\\public\\index.php')
CRITICAL - 2025-03-29 15:32:01 --> Error: Call to undefined function tanggal_indo()
[Method: GET, Route: data_supplier]
in APPPATH\Views\admin\components\data_supplier\content_body.php on line 64.
 1 SYSTEMPATH\View\View.php(234): include()
 2 SYSTEMPATH\View\View.php(237): CodeIgniter\View\View->CodeIgniter\View\{closure}()
 3 SYSTEMPATH\Common.php(1171): CodeIgniter\View\View->render('admin/components/data_supplier/content_body', [], true)
 4 APPPATH\Views\admin\pages\DataSupplier.php(30): view('admin/components/data_supplier/content_body')
 5 SYSTEMPATH\View\View.php(234): include('C:\\laragon\\www\\apotek_app\\app\\Views\\admin\\pages\\DataSupplier.php')
 6 SYSTEMPATH\View\View.php(237): CodeIgniter\View\View->CodeIgniter\View\{closure}()
 7 SYSTEMPATH\Common.php(1171): CodeIgniter\View\View->render('admin/pages/DataSupplier', [], true)
 8 APPPATH\Controllers\Admin\data_supplier\DspController.php(15): view('admin/pages/DataSupplier', [...])
 9 SYSTEMPATH\CodeIgniter.php(933): App\Controllers\Admin\data_supplier\DspController->index()
10 SYSTEMPATH\CodeIgniter.php(509): CodeIgniter\CodeIgniter->runController(Object(App\Controllers\Admin\data_supplier\DspController))
11 SYSTEMPATH\CodeIgniter.php(355): CodeIgniter\CodeIgniter->handleRequest(null, Object(Config\Cache), false)
12 SYSTEMPATH\Boot.php(334): CodeIgniter\CodeIgniter->run()
13 SYSTEMPATH\Boot.php(67): CodeIgniter\Boot::runCodeIgniter(Object(CodeIgniter\CodeIgniter))
14 FCPATH\index.php(56): CodeIgniter\Boot::bootWeb(Object(Config\Paths))
15 SYSTEMPATH\rewrite.php(44): require_once('C:\\laragon\\www\\apotek_app\\public\\index.php')
CRITICAL - 2025-03-29 15:32:01 --> Error: Call to undefined function tanggal_indo()
[Method: GET, Route: data_supplier]
in APPPATH\Views\admin\components\data_supplier\content_body.php on line 64.
 1 SYSTEMPATH\View\View.php(234): include()
 2 SYSTEMPATH\View\View.php(237): CodeIgniter\View\View->CodeIgniter\View\{closure}()
 3 SYSTEMPATH\Common.php(1171): CodeIgniter\View\View->render('admin/components/data_supplier/content_body', [], true)
 4 APPPATH\Views\admin\pages\DataSupplier.php(30): view('admin/components/data_supplier/content_body')
 5 SYSTEMPATH\View\View.php(234): include('C:\\laragon\\www\\apotek_app\\app\\Views\\admin\\pages\\DataSupplier.php')
 6 SYSTEMPATH\View\View.php(237): CodeIgniter\View\View->CodeIgniter\View\{closure}()
 7 SYSTEMPATH\Common.php(1171): CodeIgniter\View\View->render('admin/pages/DataSupplier', [], true)
 8 APPPATH\Controllers\Admin\data_supplier\DspController.php(15): view('admin/pages/DataSupplier', [...])
 9 SYSTEMPATH\CodeIgniter.php(933): App\Controllers\Admin\data_supplier\DspController->index()
10 SYSTEMPATH\CodeIgniter.php(509): CodeIgniter\CodeIgniter->runController(Object(App\Controllers\Admin\data_supplier\DspController))
11 SYSTEMPATH\CodeIgniter.php(355): CodeIgniter\CodeIgniter->handleRequest(null, Object(Config\Cache), false)
12 SYSTEMPATH\Boot.php(334): CodeIgniter\CodeIgniter->run()
13 SYSTEMPATH\Boot.php(67): CodeIgniter\Boot::runCodeIgniter(Object(CodeIgniter\CodeIgniter))
14 FCPATH\index.php(56): CodeIgniter\Boot::bootWeb(Object(Config\Paths))
15 SYSTEMPATH\rewrite.php(44): require_once('C:\\laragon\\www\\apotek_app\\public\\index.php')
CRITICAL - 2025-03-29 15:32:01 --> Error: Call to undefined function tanggal_indo()
[Method: GET, Route: data_supplier]
in APPPATH\Views\admin\components\data_supplier\content_body.php on line 64.
 1 SYSTEMPATH\View\View.php(234): include()
 2 SYSTEMPATH\View\View.php(237): CodeIgniter\View\View->CodeIgniter\View\{closure}()
 3 SYSTEMPATH\Common.php(1171): CodeIgniter\View\View->render('admin/components/data_supplier/content_body', [], true)
 4 APPPATH\Views\admin\pages\DataSupplier.php(30): view('admin/components/data_supplier/content_body')
 5 SYSTEMPATH\View\View.php(234): include('C:\\laragon\\www\\apotek_app\\app\\Views\\admin\\pages\\DataSupplier.php')
 6 SYSTEMPATH\View\View.php(237): CodeIgniter\View\View->CodeIgniter\View\{closure}()
 7 SYSTEMPATH\Common.php(1171): CodeIgniter\View\View->render('admin/pages/DataSupplier', [], true)
 8 APPPATH\Controllers\Admin\data_supplier\DspController.php(15): view('admin/pages/DataSupplier', [...])
 9 SYSTEMPATH\CodeIgniter.php(933): App\Controllers\Admin\data_supplier\DspController->index()
10 SYSTEMPATH\CodeIgniter.php(509): CodeIgniter\CodeIgniter->runController(Object(App\Controllers\Admin\data_supplier\DspController))
11 SYSTEMPATH\CodeIgniter.php(355): CodeIgniter\CodeIgniter->handleRequest(null, Object(Config\Cache), false)
12 SYSTEMPATH\Boot.php(334): CodeIgniter\CodeIgniter->run()
13 SYSTEMPATH\Boot.php(67): CodeIgniter\Boot::runCodeIgniter(Object(CodeIgniter\CodeIgniter))
14 FCPATH\index.php(56): CodeIgniter\Boot::bootWeb(Object(Config\Paths))
15 SYSTEMPATH\rewrite.php(44): require_once('C:\\laragon\\www\\apotek_app\\public\\index.php')
CRITICAL - 2025-03-29 15:32:02 --> Error: Call to undefined function tanggal_indo()
[Method: GET, Route: data_supplier]
in APPPATH\Views\admin\components\data_supplier\content_body.php on line 64.
 1 SYSTEMPATH\View\View.php(234): include()
 2 SYSTEMPATH\View\View.php(237): CodeIgniter\View\View->CodeIgniter\View\{closure}()
 3 SYSTEMPATH\Common.php(1171): CodeIgniter\View\View->render('admin/components/data_supplier/content_body', [], true)
 4 APPPATH\Views\admin\pages\DataSupplier.php(30): view('admin/components/data_supplier/content_body')
 5 SYSTEMPATH\View\View.php(234): include('C:\\laragon\\www\\apotek_app\\app\\Views\\admin\\pages\\DataSupplier.php')
 6 SYSTEMPATH\View\View.php(237): CodeIgniter\View\View->CodeIgniter\View\{closure}()
 7 SYSTEMPATH\Common.php(1171): CodeIgniter\View\View->render('admin/pages/DataSupplier', [], true)
 8 APPPATH\Controllers\Admin\data_supplier\DspController.php(15): view('admin/pages/DataSupplier', [...])
 9 SYSTEMPATH\CodeIgniter.php(933): App\Controllers\Admin\data_supplier\DspController->index()
10 SYSTEMPATH\CodeIgniter.php(509): CodeIgniter\CodeIgniter->runController(Object(App\Controllers\Admin\data_supplier\DspController))
11 SYSTEMPATH\CodeIgniter.php(355): CodeIgniter\CodeIgniter->handleRequest(null, Object(Config\Cache), false)
12 SYSTEMPATH\Boot.php(334): CodeIgniter\CodeIgniter->run()
13 SYSTEMPATH\Boot.php(67): CodeIgniter\Boot::runCodeIgniter(Object(CodeIgniter\CodeIgniter))
14 FCPATH\index.php(56): CodeIgniter\Boot::bootWeb(Object(Config\Paths))
15 SYSTEMPATH\rewrite.php(44): require_once('C:\\laragon\\www\\apotek_app\\public\\index.php')
CRITICAL - 2025-03-29 15:32:59 --> Error: Call to undefined function tanggal_indo()
[Method: GET, Route: data_supplier]
in APPPATH\Views\admin\components\data_supplier\content_body.php on line 64.
 1 SYSTEMPATH\View\View.php(234): include()
 2 SYSTEMPATH\View\View.php(237): CodeIgniter\View\View->CodeIgniter\View\{closure}()
 3 SYSTEMPATH\Common.php(1171): CodeIgniter\View\View->render('admin/components/data_supplier/content_body', [], true)
 4 APPPATH\Views\admin\pages\DataSupplier.php(30): view('admin/components/data_supplier/content_body')
 5 SYSTEMPATH\View\View.php(234): include('C:\\laragon\\www\\apotek_app\\app\\Views\\admin\\pages\\DataSupplier.php')
 6 SYSTEMPATH\View\View.php(237): CodeIgniter\View\View->CodeIgniter\View\{closure}()
 7 SYSTEMPATH\Common.php(1171): CodeIgniter\View\View->render('admin/pages/DataSupplier', [], true)
 8 APPPATH\Controllers\Admin\data_supplier\DspController.php(15): view('admin/pages/DataSupplier', [...])
 9 SYSTEMPATH\CodeIgniter.php(933): App\Controllers\Admin\data_supplier\DspController->index()
10 SYSTEMPATH\CodeIgniter.php(509): CodeIgniter\CodeIgniter->runController(Object(App\Controllers\Admin\data_supplier\DspController))
11 SYSTEMPATH\CodeIgniter.php(355): CodeIgniter\CodeIgniter->handleRequest(null, Object(Config\Cache), false)
12 SYSTEMPATH\Boot.php(334): CodeIgniter\CodeIgniter->run()
13 SYSTEMPATH\Boot.php(67): CodeIgniter\Boot::runCodeIgniter(Object(CodeIgniter\CodeIgniter))
14 FCPATH\index.php(56): CodeIgniter\Boot::bootWeb(Object(Config\Paths))
15 SYSTEMPATH\rewrite.php(44): require_once('C:\\laragon\\www\\apotek_app\\public\\index.php')
CRITICAL - 2025-03-29 15:33:00 --> Error: Call to undefined function tanggal_indo()
[Method: GET, Route: data_supplier]
in APPPATH\Views\admin\components\data_supplier\content_body.php on line 64.
 1 SYSTEMPATH\View\View.php(234): include()
 2 SYSTEMPATH\View\View.php(237): CodeIgniter\View\View->CodeIgniter\View\{closure}()
 3 SYSTEMPATH\Common.php(1171): CodeIgniter\View\View->render('admin/components/data_supplier/content_body', [], true)
 4 APPPATH\Views\admin\pages\DataSupplier.php(30): view('admin/components/data_supplier/content_body')
 5 SYSTEMPATH\View\View.php(234): include('C:\\laragon\\www\\apotek_app\\app\\Views\\admin\\pages\\DataSupplier.php')
 6 SYSTEMPATH\View\View.php(237): CodeIgniter\View\View->CodeIgniter\View\{closure}()
 7 SYSTEMPATH\Common.php(1171): CodeIgniter\View\View->render('admin/pages/DataSupplier', [], true)
 8 APPPATH\Controllers\Admin\data_supplier\DspController.php(15): view('admin/pages/DataSupplier', [...])
 9 SYSTEMPATH\CodeIgniter.php(933): App\Controllers\Admin\data_supplier\DspController->index()
10 SYSTEMPATH\CodeIgniter.php(509): CodeIgniter\CodeIgniter->runController(Object(App\Controllers\Admin\data_supplier\DspController))
11 SYSTEMPATH\CodeIgniter.php(355): CodeIgniter\CodeIgniter->handleRequest(null, Object(Config\Cache), false)
12 SYSTEMPATH\Boot.php(334): CodeIgniter\CodeIgniter->run()
13 SYSTEMPATH\Boot.php(67): CodeIgniter\Boot::runCodeIgniter(Object(CodeIgniter\CodeIgniter))
14 FCPATH\index.php(56): CodeIgniter\Boot::bootWeb(Object(Config\Paths))
15 SYSTEMPATH\rewrite.php(44): require_once('C:\\laragon\\www\\apotek_app\\public\\index.php')
CRITICAL - 2025-03-29 15:33:00 --> Error: Call to undefined function tanggal_indo()
[Method: GET, Route: data_supplier]
in APPPATH\Views\admin\components\data_supplier\content_body.php on line 64.
 1 SYSTEMPATH\View\View.php(234): include()
 2 SYSTEMPATH\View\View.php(237): CodeIgniter\View\View->CodeIgniter\View\{closure}()
 3 SYSTEMPATH\Common.php(1171): CodeIgniter\View\View->render('admin/components/data_supplier/content_body', [], true)
 4 APPPATH\Views\admin\pages\DataSupplier.php(30): view('admin/components/data_supplier/content_body')
 5 SYSTEMPATH\View\View.php(234): include('C:\\laragon\\www\\apotek_app\\app\\Views\\admin\\pages\\DataSupplier.php')
 6 SYSTEMPATH\View\View.php(237): CodeIgniter\View\View->CodeIgniter\View\{closure}()
 7 SYSTEMPATH\Common.php(1171): CodeIgniter\View\View->render('admin/pages/DataSupplier', [], true)
 8 APPPATH\Controllers\Admin\data_supplier\DspController.php(15): view('admin/pages/DataSupplier', [...])
 9 SYSTEMPATH\CodeIgniter.php(933): App\Controllers\Admin\data_supplier\DspController->index()
10 SYSTEMPATH\CodeIgniter.php(509): CodeIgniter\CodeIgniter->runController(Object(App\Controllers\Admin\data_supplier\DspController))
11 SYSTEMPATH\CodeIgniter.php(355): CodeIgniter\CodeIgniter->handleRequest(null, Object(Config\Cache), false)
12 SYSTEMPATH\Boot.php(334): CodeIgniter\CodeIgniter->run()
13 SYSTEMPATH\Boot.php(67): CodeIgniter\Boot::runCodeIgniter(Object(CodeIgniter\CodeIgniter))
14 FCPATH\index.php(56): CodeIgniter\Boot::bootWeb(Object(Config\Paths))
15 SYSTEMPATH\rewrite.php(44): require_once('C:\\laragon\\www\\apotek_app\\public\\index.php')
CRITICAL - 2025-03-29 15:33:01 --> Error: Call to undefined function tanggal_indo()
[Method: GET, Route: data_supplier]
in APPPATH\Views\admin\components\data_supplier\content_body.php on line 64.
 1 SYSTEMPATH\View\View.php(234): include()
 2 SYSTEMPATH\View\View.php(237): CodeIgniter\View\View->CodeIgniter\View\{closure}()
 3 SYSTEMPATH\Common.php(1171): CodeIgniter\View\View->render('admin/components/data_supplier/content_body', [], true)
 4 APPPATH\Views\admin\pages\DataSupplier.php(30): view('admin/components/data_supplier/content_body')
 5 SYSTEMPATH\View\View.php(234): include('C:\\laragon\\www\\apotek_app\\app\\Views\\admin\\pages\\DataSupplier.php')
 6 SYSTEMPATH\View\View.php(237): CodeIgniter\View\View->CodeIgniter\View\{closure}()
 7 SYSTEMPATH\Common.php(1171): CodeIgniter\View\View->render('admin/pages/DataSupplier', [], true)
 8 APPPATH\Controllers\Admin\data_supplier\DspController.php(15): view('admin/pages/DataSupplier', [...])
 9 SYSTEMPATH\CodeIgniter.php(933): App\Controllers\Admin\data_supplier\DspController->index()
10 SYSTEMPATH\CodeIgniter.php(509): CodeIgniter\CodeIgniter->runController(Object(App\Controllers\Admin\data_supplier\DspController))
11 SYSTEMPATH\CodeIgniter.php(355): CodeIgniter\CodeIgniter->handleRequest(null, Object(Config\Cache), false)
12 SYSTEMPATH\Boot.php(334): CodeIgniter\CodeIgniter->run()
13 SYSTEMPATH\Boot.php(67): CodeIgniter\Boot::runCodeIgniter(Object(CodeIgniter\CodeIgniter))
14 FCPATH\index.php(56): CodeIgniter\Boot::bootWeb(Object(Config\Paths))
15 SYSTEMPATH\rewrite.php(44): require_once('C:\\laragon\\www\\apotek_app\\public\\index.php')
CRITICAL - 2025-03-29 15:33:01 --> Error: Call to undefined function tanggal_indo()
[Method: GET, Route: data_supplier]
in APPPATH\Views\admin\components\data_supplier\content_body.php on line 64.
 1 SYSTEMPATH\View\View.php(234): include()
 2 SYSTEMPATH\View\View.php(237): CodeIgniter\View\View->CodeIgniter\View\{closure}()
 3 SYSTEMPATH\Common.php(1171): CodeIgniter\View\View->render('admin/components/data_supplier/content_body', [], true)
 4 APPPATH\Views\admin\pages\DataSupplier.php(30): view('admin/components/data_supplier/content_body')
 5 SYSTEMPATH\View\View.php(234): include('C:\\laragon\\www\\apotek_app\\app\\Views\\admin\\pages\\DataSupplier.php')
 6 SYSTEMPATH\View\View.php(237): CodeIgniter\View\View->CodeIgniter\View\{closure}()
 7 SYSTEMPATH\Common.php(1171): CodeIgniter\View\View->render('admin/pages/DataSupplier', [], true)
 8 APPPATH\Controllers\Admin\data_supplier\DspController.php(15): view('admin/pages/DataSupplier', [...])
 9 SYSTEMPATH\CodeIgniter.php(933): App\Controllers\Admin\data_supplier\DspController->index()
10 SYSTEMPATH\CodeIgniter.php(509): CodeIgniter\CodeIgniter->runController(Object(App\Controllers\Admin\data_supplier\DspController))
11 SYSTEMPATH\CodeIgniter.php(355): CodeIgniter\CodeIgniter->handleRequest(null, Object(Config\Cache), false)
12 SYSTEMPATH\Boot.php(334): CodeIgniter\CodeIgniter->run()
13 SYSTEMPATH\Boot.php(67): CodeIgniter\Boot::runCodeIgniter(Object(CodeIgniter\CodeIgniter))
14 FCPATH\index.php(56): CodeIgniter\Boot::bootWeb(Object(Config\Paths))
15 SYSTEMPATH\rewrite.php(44): require_once('C:\\laragon\\www\\apotek_app\\public\\index.php')
CRITICAL - 2025-03-29 15:34:23 --> Error: Call to undefined function tanggal_indo()
[Method: GET, Route: data_supplier]
in APPPATH\Views\admin\components\data_supplier\content_body.php on line 64.
 1 SYSTEMPATH\View\View.php(234): include()
 2 SYSTEMPATH\View\View.php(237): CodeIgniter\View\View->CodeIgniter\View\{closure}()
 3 SYSTEMPATH\Common.php(1171): CodeIgniter\View\View->render('admin/components/data_supplier/content_body', [], true)
 4 APPPATH\Views\admin\pages\DataSupplier.php(30): view('admin/components/data_supplier/content_body')
 5 SYSTEMPATH\View\View.php(234): include('C:\\laragon\\www\\apotek_app\\app\\Views\\admin\\pages\\DataSupplier.php')
 6 SYSTEMPATH\View\View.php(237): CodeIgniter\View\View->CodeIgniter\View\{closure}()
 7 SYSTEMPATH\Common.php(1171): CodeIgniter\View\View->render('admin/pages/DataSupplier', [], true)
 8 APPPATH\Controllers\Admin\data_supplier\DspController.php(15): view('admin/pages/DataSupplier', [...])
 9 SYSTEMPATH\CodeIgniter.php(933): App\Controllers\Admin\data_supplier\DspController->index()
10 SYSTEMPATH\CodeIgniter.php(509): CodeIgniter\CodeIgniter->runController(Object(App\Controllers\Admin\data_supplier\DspController))
11 SYSTEMPATH\CodeIgniter.php(355): CodeIgniter\CodeIgniter->handleRequest(null, Object(Config\Cache), false)
12 SYSTEMPATH\Boot.php(334): CodeIgniter\CodeIgniter->run()
13 SYSTEMPATH\Boot.php(67): CodeIgniter\Boot::runCodeIgniter(Object(CodeIgniter\CodeIgniter))
14 FCPATH\index.php(56): CodeIgniter\Boot::bootWeb(Object(Config\Paths))
15 SYSTEMPATH\rewrite.php(44): require_once('C:\\laragon\\www\\apotek_app\\public\\index.php')
CRITICAL - 2025-03-29 15:34:49 --> Error: Call to undefined function tanggal_indo()
[Method: GET, Route: data_supplier]
in APPPATH\Views\admin\components\data_supplier\content_body.php on line 64.
 1 SYSTEMPATH\View\View.php(234): include()
 2 SYSTEMPATH\View\View.php(237): CodeIgniter\View\View->CodeIgniter\View\{closure}()
 3 SYSTEMPATH\Common.php(1171): CodeIgniter\View\View->render('admin/components/data_supplier/content_body', [], true)
 4 APPPATH\Views\admin\pages\DataSupplier.php(30): view('admin/components/data_supplier/content_body')
 5 SYSTEMPATH\View\View.php(234): include('C:\\laragon\\www\\apotek_app\\app\\Views\\admin\\pages\\DataSupplier.php')
 6 SYSTEMPATH\View\View.php(237): CodeIgniter\View\View->CodeIgniter\View\{closure}()
 7 SYSTEMPATH\Common.php(1171): CodeIgniter\View\View->render('admin/pages/DataSupplier', [], true)
 8 APPPATH\Controllers\Admin\data_supplier\DspController.php(15): view('admin/pages/DataSupplier', [...])
 9 SYSTEMPATH\CodeIgniter.php(933): App\Controllers\Admin\data_supplier\DspController->index()
10 SYSTEMPATH\CodeIgniter.php(509): CodeIgniter\CodeIgniter->runController(Object(App\Controllers\Admin\data_supplier\DspController))
11 SYSTEMPATH\CodeIgniter.php(355): CodeIgniter\CodeIgniter->handleRequest(null, Object(Config\Cache), false)
12 SYSTEMPATH\Boot.php(334): CodeIgniter\CodeIgniter->run()
13 SYSTEMPATH\Boot.php(67): CodeIgniter\Boot::runCodeIgniter(Object(CodeIgniter\CodeIgniter))
14 FCPATH\index.php(56): CodeIgniter\Boot::bootWeb(Object(Config\Paths))
15 SYSTEMPATH\rewrite.php(44): require_once('C:\\laragon\\www\\apotek_app\\public\\index.php')
CRITICAL - 2025-03-29 15:35:06 --> Error: Call to undefined function tanggal_indo()
[Method: GET, Route: data_supplier]
in APPPATH\Views\admin\components\data_supplier\content_body.php on line 64.
 1 SYSTEMPATH\View\View.php(234): include()
 2 SYSTEMPATH\View\View.php(237): CodeIgniter\View\View->CodeIgniter\View\{closure}()
 3 SYSTEMPATH\Common.php(1171): CodeIgniter\View\View->render('admin/components/data_supplier/content_body', [], true)
 4 APPPATH\Views\admin\pages\DataSupplier.php(30): view('admin/components/data_supplier/content_body')
 5 SYSTEMPATH\View\View.php(234): include('C:\\laragon\\www\\apotek_app\\app\\Views\\admin\\pages\\DataSupplier.php')
 6 SYSTEMPATH\View\View.php(237): CodeIgniter\View\View->CodeIgniter\View\{closure}()
 7 SYSTEMPATH\Common.php(1171): CodeIgniter\View\View->render('admin/pages/DataSupplier', [], true)
 8 APPPATH\Controllers\Admin\data_supplier\DspController.php(15): view('admin/pages/DataSupplier', [...])
 9 SYSTEMPATH\CodeIgniter.php(933): App\Controllers\Admin\data_supplier\DspController->index()
10 SYSTEMPATH\CodeIgniter.php(509): CodeIgniter\CodeIgniter->runController(Object(App\Controllers\Admin\data_supplier\DspController))
11 SYSTEMPATH\CodeIgniter.php(355): CodeIgniter\CodeIgniter->handleRequest(null, Object(Config\Cache), false)
12 SYSTEMPATH\Boot.php(334): CodeIgniter\CodeIgniter->run()
13 SYSTEMPATH\Boot.php(67): CodeIgniter\Boot::runCodeIgniter(Object(CodeIgniter\CodeIgniter))
14 FCPATH\index.php(56): CodeIgniter\Boot::bootWeb(Object(Config\Paths))
15 SYSTEMPATH\rewrite.php(44): require_once('C:\\laragon\\www\\apotek_app\\public\\index.php')
CRITICAL - 2025-03-29 15:35:46 --> Error: Call to undefined function tanggal_indo()
[Method: GET, Route: data_supplier]
in APPPATH\Views\admin\components\data_supplier\content_body.php on line 64.
 1 SYSTEMPATH\View\View.php(234): include()
 2 SYSTEMPATH\View\View.php(237): CodeIgniter\View\View->CodeIgniter\View\{closure}()
 3 SYSTEMPATH\Common.php(1171): CodeIgniter\View\View->render('admin/components/data_supplier/content_body', [], true)
 4 APPPATH\Views\admin\pages\DataSupplier.php(30): view('admin/components/data_supplier/content_body')
 5 SYSTEMPATH\View\View.php(234): include('C:\\laragon\\www\\apotek_app\\app\\Views\\admin\\pages\\DataSupplier.php')
 6 SYSTEMPATH\View\View.php(237): CodeIgniter\View\View->CodeIgniter\View\{closure}()
 7 SYSTEMPATH\Common.php(1171): CodeIgniter\View\View->render('admin/pages/DataSupplier', [], true)
 8 APPPATH\Controllers\Admin\data_supplier\DspController.php(15): view('admin/pages/DataSupplier', [...])
 9 SYSTEMPATH\CodeIgniter.php(933): App\Controllers\Admin\data_supplier\DspController->index()
10 SYSTEMPATH\CodeIgniter.php(509): CodeIgniter\CodeIgniter->runController(Object(App\Controllers\Admin\data_supplier\DspController))
11 SYSTEMPATH\CodeIgniter.php(355): CodeIgniter\CodeIgniter->handleRequest(null, Object(Config\Cache), false)
12 SYSTEMPATH\Boot.php(334): CodeIgniter\CodeIgniter->run()
13 SYSTEMPATH\Boot.php(67): CodeIgniter\Boot::runCodeIgniter(Object(CodeIgniter\CodeIgniter))
14 FCPATH\index.php(56): CodeIgniter\Boot::bootWeb(Object(Config\Paths))
15 SYSTEMPATH\rewrite.php(44): require_once('C:\\laragon\\www\\apotek_app\\public\\index.php')
CRITICAL - 2025-03-29 15:36:06 --> Error: Call to undefined function tanggal_indo()
[Method: GET, Route: data_supplier]
in APPPATH\Views\admin\components\data_supplier\content_body.php on line 64.
 1 SYSTEMPATH\View\View.php(234): include()
 2 SYSTEMPATH\View\View.php(237): CodeIgniter\View\View->CodeIgniter\View\{closure}()
 3 SYSTEMPATH\Common.php(1171): CodeIgniter\View\View->render('admin/components/data_supplier/content_body', [], true)
 4 APPPATH\Views\admin\pages\DataSupplier.php(30): view('admin/components/data_supplier/content_body')
 5 SYSTEMPATH\View\View.php(234): include('C:\\laragon\\www\\apotek_app\\app\\Views\\admin\\pages\\DataSupplier.php')
 6 SYSTEMPATH\View\View.php(237): CodeIgniter\View\View->CodeIgniter\View\{closure}()
 7 SYSTEMPATH\Common.php(1171): CodeIgniter\View\View->render('admin/pages/DataSupplier', [], true)
 8 APPPATH\Controllers\Admin\data_supplier\DspController.php(15): view('admin/pages/DataSupplier', [...])
 9 SYSTEMPATH\CodeIgniter.php(933): App\Controllers\Admin\data_supplier\DspController->index()
10 SYSTEMPATH\CodeIgniter.php(509): CodeIgniter\CodeIgniter->runController(Object(App\Controllers\Admin\data_supplier\DspController))
11 SYSTEMPATH\CodeIgniter.php(355): CodeIgniter\CodeIgniter->handleRequest(null, Object(Config\Cache), false)
12 SYSTEMPATH\Boot.php(334): CodeIgniter\CodeIgniter->run()
13 SYSTEMPATH\Boot.php(67): CodeIgniter\Boot::runCodeIgniter(Object(CodeIgniter\CodeIgniter))
14 FCPATH\index.php(56): CodeIgniter\Boot::bootWeb(Object(Config\Paths))
15 SYSTEMPATH\rewrite.php(44): require_once('C:\\laragon\\www\\apotek_app\\public\\index.php')
CRITICAL - 2025-03-29 15:36:40 --> InvalidArgumentException: Invalid escape context provided.
[Method: GET, Route: data_supplier]
in SYSTEMPATH\Common.php on line 434.
 1 APPPATH\Views\admin\components\data_supplier\content_body.php(64): esc('2025-03-29 15:25:42', '1')
 2 SYSTEMPATH\View\View.php(234): include('C:\\laragon\\www\\apotek_app\\app\\Views\\admin\\components\\data_supplier\\content_body.php')
 3 SYSTEMPATH\View\View.php(237): CodeIgniter\View\View->CodeIgniter\View\{closure}()
 4 SYSTEMPATH\Common.php(1171): CodeIgniter\View\View->render('admin/components/data_supplier/content_body', [], true)
 5 APPPATH\Views\admin\pages\DataSupplier.php(30): view('admin/components/data_supplier/content_body')
 6 SYSTEMPATH\View\View.php(234): include('C:\\laragon\\www\\apotek_app\\app\\Views\\admin\\pages\\DataSupplier.php')
 7 SYSTEMPATH\View\View.php(237): CodeIgniter\View\View->CodeIgniter\View\{closure}()
 8 SYSTEMPATH\Common.php(1171): CodeIgniter\View\View->render('admin/pages/DataSupplier', [], true)
 9 APPPATH\Controllers\Admin\data_supplier\DspController.php(15): view('admin/pages/DataSupplier', [...])
10 SYSTEMPATH\CodeIgniter.php(933): App\Controllers\Admin\data_supplier\DspController->index()
11 SYSTEMPATH\CodeIgniter.php(509): CodeIgniter\CodeIgniter->runController(Object(App\Controllers\Admin\data_supplier\DspController))
12 SYSTEMPATH\CodeIgniter.php(355): CodeIgniter\CodeIgniter->handleRequest(null, Object(Config\Cache), false)
13 SYSTEMPATH\Boot.php(334): CodeIgniter\CodeIgniter->run()
14 SYSTEMPATH\Boot.php(67): CodeIgniter\Boot::runCodeIgniter(Object(CodeIgniter\CodeIgniter))
15 FCPATH\index.php(56): CodeIgniter\Boot::bootWeb(Object(Config\Paths))
16 SYSTEMPATH\rewrite.php(44): require_once('C:\\laragon\\www\\apotek_app\\public\\index.php')
CRITICAL - 2025-03-29 15:38:35 --> Error: Call to undefined function tanggal_indo()
[Method: GET, Route: data_supplier]
in APPPATH\Views\admin\components\data_supplier\content_body.php on line 64.
 1 SYSTEMPATH\View\View.php(234): include()
 2 SYSTEMPATH\View\View.php(237): CodeIgniter\View\View->CodeIgniter\View\{closure}()
 3 SYSTEMPATH\Common.php(1171): CodeIgniter\View\View->render('admin/components/data_supplier/content_body', [], true)
 4 APPPATH\Views\admin\pages\DataSupplier.php(30): view('admin/components/data_supplier/content_body')
 5 SYSTEMPATH\View\View.php(234): include('C:\\laragon\\www\\apotek_app\\app\\Views\\admin\\pages\\DataSupplier.php')
 6 SYSTEMPATH\View\View.php(237): CodeIgniter\View\View->CodeIgniter\View\{closure}()
 7 SYSTEMPATH\Common.php(1171): CodeIgniter\View\View->render('admin/pages/DataSupplier', [], true)
 8 APPPATH\Controllers\Admin\data_supplier\DspController.php(15): view('admin/pages/DataSupplier', [...])
 9 SYSTEMPATH\CodeIgniter.php(933): App\Controllers\Admin\data_supplier\DspController->index()
10 SYSTEMPATH\CodeIgniter.php(509): CodeIgniter\CodeIgniter->runController(Object(App\Controllers\Admin\data_supplier\DspController))
11 SYSTEMPATH\CodeIgniter.php(355): CodeIgniter\CodeIgniter->handleRequest(null, Object(Config\Cache), false)
12 SYSTEMPATH\Boot.php(334): CodeIgniter\CodeIgniter->run()
13 SYSTEMPATH\Boot.php(67): CodeIgniter\Boot::runCodeIgniter(Object(CodeIgniter\CodeIgniter))
14 FCPATH\index.php(56): CodeIgniter\Boot::bootWeb(Object(Config\Paths))
15 SYSTEMPATH\rewrite.php(44): require_once('C:\\laragon\\www\\apotek_app\\public\\index.php')
CRITICAL - 2025-03-29 15:42:26 --> Error: Call to undefined function tanggal_indo()
[Method: GET, Route: data_supplier]
in APPPATH\Views\admin\components\data_supplier\content_body.php on line 64.
 1 SYSTEMPATH\View\View.php(234): include()
 2 SYSTEMPATH\View\View.php(237): CodeIgniter\View\View->CodeIgniter\View\{closure}()
 3 SYSTEMPATH\Common.php(1171): CodeIgniter\View\View->render('admin/components/data_supplier/content_body', [], true)
 4 APPPATH\Views\admin\pages\DataSupplier.php(30): view('admin/components/data_supplier/content_body')
 5 SYSTEMPATH\View\View.php(234): include('C:\\laragon\\www\\apotek_app\\app\\Views\\admin\\pages\\DataSupplier.php')
 6 SYSTEMPATH\View\View.php(237): CodeIgniter\View\View->CodeIgniter\View\{closure}()
 7 SYSTEMPATH\Common.php(1171): CodeIgniter\View\View->render('admin/pages/DataSupplier', [], true)
 8 APPPATH\Controllers\Admin\data_supplier\DspController.php(15): view('admin/pages/DataSupplier', [...])
 9 SYSTEMPATH\CodeIgniter.php(933): App\Controllers\Admin\data_supplier\DspController->index()
10 SYSTEMPATH\CodeIgniter.php(509): CodeIgniter\CodeIgniter->runController(Object(App\Controllers\Admin\data_supplier\DspController))
11 SYSTEMPATH\CodeIgniter.php(355): CodeIgniter\CodeIgniter->handleRequest(null, Object(Config\Cache), false)
12 SYSTEMPATH\Boot.php(334): CodeIgniter\CodeIgniter->run()
13 SYSTEMPATH\Boot.php(67): CodeIgniter\Boot::runCodeIgniter(Object(CodeIgniter\CodeIgniter))
14 FCPATH\index.php(56): CodeIgniter\Boot::bootWeb(Object(Config\Paths))
15 SYSTEMPATH\rewrite.php(44): require_once('C:\\laragon\\www\\apotek_app\\public\\index.php')
CRITICAL - 2025-03-29 15:42:47 --> Error: Call to undefined function tanggal_indo()
[Method: GET, Route: data_supplier]
in APPPATH\Views\admin\components\data_supplier\content_body.php on line 64.
 1 SYSTEMPATH\View\View.php(234): include()
 2 SYSTEMPATH\View\View.php(237): CodeIgniter\View\View->CodeIgniter\View\{closure}()
 3 SYSTEMPATH\Common.php(1171): CodeIgniter\View\View->render('admin/components/data_supplier/content_body', [], true)
 4 APPPATH\Views\admin\pages\DataSupplier.php(30): view('admin/components/data_supplier/content_body')
 5 SYSTEMPATH\View\View.php(234): include('C:\\laragon\\www\\apotek_app\\app\\Views\\admin\\pages\\DataSupplier.php')
 6 SYSTEMPATH\View\View.php(237): CodeIgniter\View\View->CodeIgniter\View\{closure}()
 7 SYSTEMPATH\Common.php(1171): CodeIgniter\View\View->render('admin/pages/DataSupplier', [], true)
 8 APPPATH\Controllers\Admin\data_supplier\DspController.php(15): view('admin/pages/DataSupplier', [...])
 9 SYSTEMPATH\CodeIgniter.php(933): App\Controllers\Admin\data_supplier\DspController->index()
10 SYSTEMPATH\CodeIgniter.php(509): CodeIgniter\CodeIgniter->runController(Object(App\Controllers\Admin\data_supplier\DspController))
11 SYSTEMPATH\CodeIgniter.php(355): CodeIgniter\CodeIgniter->handleRequest(null, Object(Config\Cache), false)
12 SYSTEMPATH\Boot.php(334): CodeIgniter\CodeIgniter->run()
13 SYSTEMPATH\Boot.php(67): CodeIgniter\Boot::runCodeIgniter(Object(CodeIgniter\CodeIgniter))
14 FCPATH\index.php(56): CodeIgniter\Boot::bootWeb(Object(Config\Paths))
15 SYSTEMPATH\rewrite.php(44): require_once('C:\\laragon\\www\\apotek_app\\public\\index.php')
CRITICAL - 2025-03-29 15:42:56 --> Error: Call to undefined function tanggal_indo()
[Method: GET, Route: data_supplier]
in APPPATH\Views\admin\components\data_supplier\content_body.php on line 64.
 1 SYSTEMPATH\View\View.php(234): include()
 2 SYSTEMPATH\View\View.php(237): CodeIgniter\View\View->CodeIgniter\View\{closure}()
 3 SYSTEMPATH\Common.php(1171): CodeIgniter\View\View->render('admin/components/data_supplier/content_body', [], true)
 4 APPPATH\Views\admin\pages\DataSupplier.php(30): view('admin/components/data_supplier/content_body')
 5 SYSTEMPATH\View\View.php(234): include('C:\\laragon\\www\\apotek_app\\app\\Views\\admin\\pages\\DataSupplier.php')
 6 SYSTEMPATH\View\View.php(237): CodeIgniter\View\View->CodeIgniter\View\{closure}()
 7 SYSTEMPATH\Common.php(1171): CodeIgniter\View\View->render('admin/pages/DataSupplier', [], true)
 8 APPPATH\Controllers\Admin\data_supplier\DspController.php(15): view('admin/pages/DataSupplier', [...])
 9 SYSTEMPATH\CodeIgniter.php(933): App\Controllers\Admin\data_supplier\DspController->index()
10 SYSTEMPATH\CodeIgniter.php(509): CodeIgniter\CodeIgniter->runController(Object(App\Controllers\Admin\data_supplier\DspController))
11 SYSTEMPATH\CodeIgniter.php(355): CodeIgniter\CodeIgniter->handleRequest(null, Object(Config\Cache), false)
12 SYSTEMPATH\Boot.php(334): CodeIgniter\CodeIgniter->run()
13 SYSTEMPATH\Boot.php(67): CodeIgniter\Boot::runCodeIgniter(Object(CodeIgniter\CodeIgniter))
14 FCPATH\index.php(56): CodeIgniter\Boot::bootWeb(Object(Config\Paths))
15 SYSTEMPATH\rewrite.php(44): require_once('C:\\laragon\\www\\apotek_app\\public\\index.php')
